Analysis & Synthesis report for lab3
Tue Feb  6 15:58:52 2018
Quartus II 64-Bit Version 14.0.2 Build 209 09/17/2014 SJ Full Version


---------------------
; Table of Contents ;
---------------------
  1. Legal Notice
  2. Analysis & Synthesis Summary
  3. Analysis & Synthesis Settings
  4. Parallel Compilation
  5. Analysis & Synthesis Source Files Read
  6. Analysis & Synthesis Resource Usage Summary
  7. Analysis & Synthesis Resource Utilization by Entity
  8. General Register Statistics
  9. Multiplexer Restructuring Statistics (Restructuring Performed)
 10. Post-Synthesis Netlist Statistics for Top Partition
 11. Elapsed Time Per Partition
 12. Analysis & Synthesis Messages



----------------
; Legal Notice ;
----------------
Copyright (C) 1991-2014 Altera Corporation. All rights reserved.
Your use of Altera Corporation's design tools, logic functions 
and other software and tools, and its AMPP partner logic 
functions, and any output files from any of the foregoing 
(including device programming or simulation files), and any 
associated documentation or information are expressly subject 
to the terms and conditions of the Altera Program License 
Subscription Agreement, the Altera Quartus II License Agreement,
the Altera MegaCore Function License Agreement, or other 
applicable license agreement, including, without limitation, 
that your use is for the sole purpose of programming logic 
devices manufactured by Altera and sold by Altera or its 
authorized distributors.  Please refer to the applicable 
agreement for further details.



+----------------------------------------------------------------------------------+
; Analysis & Synthesis Summary                                                     ;
+------------------------------------+---------------------------------------------+
; Analysis & Synthesis Status        ; Successful - Tue Feb  6 15:58:52 2018       ;
; Quartus II 64-Bit Version          ; 14.0.2 Build 209 09/17/2014 SJ Full Version ;
; Revision Name                      ; lab3                                        ;
; Top-level Entity Name              ; alu                                         ;
; Family                             ; Cyclone IV E                                ;
; Total logic elements               ; 172                                         ;
;     Total combinational functions  ; 172                                         ;
;     Dedicated logic registers      ; 0                                           ;
; Total registers                    ; 0                                           ;
; Total pins                         ; 101                                         ;
; Total virtual pins                 ; 0                                           ;
; Total memory bits                  ; 0                                           ;
; Embedded Multiplier 9-bit elements ; 0                                           ;
; Total PLLs                         ; 0                                           ;
+------------------------------------+---------------------------------------------+


+----------------------------------------------------------------------------------------------------------------------+
; Analysis & Synthesis Settings                                                                                        ;
+----------------------------------------------------------------------------+--------------------+--------------------+
; Option                                                                     ; Setting            ; Default Value      ;
+----------------------------------------------------------------------------+--------------------+--------------------+
; Device                                                                     ; EP4CE115F29C7      ;                    ;
; Top-level entity name                                                      ; alu                ; lab3               ;
; Family name                                                                ; Cyclone IV E       ; Cyclone IV GX      ;
; Use smart compilation                                                      ; Off                ; Off                ;
; Enable parallel Assembler and TimeQuest Timing Analyzer during compilation ; On                 ; On                 ;
; Enable compact report table                                                ; Off                ; Off                ;
; Restructure Multiplexers                                                   ; Auto               ; Auto               ;
; Create Debugging Nodes for IP Cores                                        ; Off                ; Off                ;
; Preserve fewer node names                                                  ; On                 ; On                 ;
; Disable OpenCore Plus hardware evaluation                                  ; Off                ; Off                ;
; Verilog Version                                                            ; Verilog_2001       ; Verilog_2001       ;
; VHDL Version                                                               ; VHDL_1993          ; VHDL_1993          ;
; State Machine Processing                                                   ; Auto               ; Auto               ;
; Safe State Machine                                                         ; Off                ; Off                ;
; Extract Verilog State Machines                                             ; On                 ; On                 ;
; Extract VHDL State Machines                                                ; On                 ; On                 ;
; Ignore Verilog initial constructs                                          ; Off                ; Off                ;
; Iteration limit for constant Verilog loops                                 ; 5000               ; 5000               ;
; Iteration limit for non-constant Verilog loops                             ; 250                ; 250                ;
; Add Pass-Through Logic to Inferred RAMs                                    ; On                 ; On                 ;
; Infer RAMs from Raw Logic                                                  ; On                 ; On                 ;
; Parallel Synthesis                                                         ; On                 ; On                 ;
; DSP Block Balancing                                                        ; Auto               ; Auto               ;
; NOT Gate Push-Back                                                         ; On                 ; On                 ;
; Power-Up Don't Care                                                        ; On                 ; On                 ;
; Remove Redundant Logic Cells                                               ; Off                ; Off                ;
; Remove Duplicate Registers                                                 ; On                 ; On                 ;
; Ignore CARRY Buffers                                                       ; Off                ; Off                ;
; Ignore CASCADE Buffers                                                     ; Off                ; Off                ;
; Ignore GLOBAL Buffers                                                      ; Off                ; Off                ;
; Ignore ROW GLOBAL Buffers                                                  ; Off                ; Off                ;
; Ignore LCELL Buffers                                                       ; Off                ; Off                ;
; Ignore SOFT Buffers                                                        ; On                 ; On                 ;
; Limit AHDL Integers to 32 Bits                                             ; Off                ; Off                ;
; Optimization Technique                                                     ; Balanced           ; Balanced           ;
; Carry Chain Length                                                         ; 70                 ; 70                 ;
; Auto Carry Chains                                                          ; On                 ; On                 ;
; Auto Open-Drain Pins                                                       ; On                 ; On                 ;
; Perform WYSIWYG Primitive Resynthesis                                      ; Off                ; Off                ;
; Auto ROM Replacement                                                       ; On                 ; On                 ;
; Auto RAM Replacement                                                       ; On                 ; On                 ;
; Auto DSP Block Replacement                                                 ; On                 ; On                 ;
; Auto Shift Register Replacement                                            ; Auto               ; Auto               ;
; Allow Shift Register Merging across Hierarchies                            ; Auto               ; Auto               ;
; Auto Clock Enable Replacement                                              ; On                 ; On                 ;
; Strict RAM Replacement                                                     ; Off                ; Off                ;
; Allow Synchronous Control Signals                                          ; On                 ; On                 ;
; Force Use of Synchronous Clear Signals                                     ; Off                ; Off                ;
; Auto RAM Block Balancing                                                   ; On                 ; On                 ;
; Auto RAM to Logic Cell Conversion                                          ; Off                ; Off                ;
; Auto Resource Sharing                                                      ; Off                ; Off                ;
; Allow Any RAM Size For Recognition                                         ; Off                ; Off                ;
; Allow Any ROM Size For Recognition                                         ; Off                ; Off                ;
; Allow Any Shift Register Size For Recognition                              ; Off                ; Off                ;
; Use LogicLock Constraints during Resource Balancing                        ; On                 ; On                 ;
; Ignore translate_off and synthesis_off directives                          ; Off                ; Off                ;
; Timing-Driven Synthesis                                                    ; On                 ; On                 ;
; Report Parameter Settings                                                  ; On                 ; On                 ;
; Report Source Assignments                                                  ; On                 ; On                 ;
; Report Connectivity Checks                                                 ; On                 ; On                 ;
; Ignore Maximum Fan-Out Assignments                                         ; Off                ; Off                ;
; Synchronization Register Chain Length                                      ; 2                  ; 2                  ;
; PowerPlay Power Optimization                                               ; Normal compilation ; Normal compilation ;
; HDL message level                                                          ; Level2             ; Level2             ;
; Suppress Register Optimization Related Messages                            ; Off                ; Off                ;
; Number of Removed Registers Reported in Synthesis Report                   ; 5000               ; 5000               ;
; Number of Swept Nodes Reported in Synthesis Report                         ; 5000               ; 5000               ;
; Number of Inverted Registers Reported in Synthesis Report                  ; 100                ; 100                ;
; Clock MUX Protection                                                       ; On                 ; On                 ;
; Auto Gated Clock Conversion                                                ; Off                ; Off                ;
; Block Design Naming                                                        ; Auto               ; Auto               ;
; SDC constraint protection                                                  ; Off                ; Off                ;
; Synthesis Effort                                                           ; Auto               ; Auto               ;
; Shift Register Replacement - Allow Asynchronous Clear Signal               ; On                 ; On                 ;
; Pre-Mapping Resynthesis Optimization                                       ; Off                ; Off                ;
; Analysis & Synthesis Message Level                                         ; Medium             ; Medium             ;
; Disable Register Merging Across Hierarchies                                ; Auto               ; Auto               ;
; Resource Aware Inference For Block RAM                                     ; On                 ; On                 ;
; Synthesis Seed                                                             ; 1                  ; 1                  ;
+----------------------------------------------------------------------------+--------------------+--------------------+


+------------------------------------------+
; Parallel Compilation                     ;
+----------------------------+-------------+
; Processors                 ; Number      ;
+----------------------------+-------------+
; Number detected on machine ; 4           ;
; Maximum allowed            ; 4           ;
;                            ;             ;
; Average used               ; 1.00        ;
; Maximum used               ; 1           ;
;                            ;             ;
; Usage by Processor         ; % Time Used ;
;     Processor 1            ; 100.0%      ;
;     Processors 2-4         ;   0.0%      ;
+----------------------------+-------------+


+-----------------------------------------------------------------------------------------------------------------------------------------+
; Analysis & Synthesis Source Files Read                                                                                                  ;
+----------------------------------+-----------------+-----------------+--------------------------------------------------------+---------+
; File Name with User-Entered Path ; Used in Netlist ; File Type       ; File Name with Absolute Path                           ; Library ;
+----------------------------------+-----------------+-----------------+--------------------------------------------------------+---------+
; alu.vhd                          ; yes             ; User VHDL File  ; /home/student1/mbhagat/coe608/lab3/alu.vhd             ;         ;
; fullAdder.vhd                    ; yes             ; User VHDL File  ; /home/student1/mbhagat/coe608/lab3/fullAdder.vhd       ;         ;
; bit4Adder.vhd                    ; yes             ; User VHDL File  ; /home/student1/mbhagat/coe608/lab3/bit4Adder.vhd       ;         ;
; bit32adder.vhd                   ; yes             ; User VHDL File  ; /home/student1/mbhagat/coe608/lab3/bit32adder.vhd      ;         ;
; bit32And.vhd                     ; yes             ; User VHDL File  ; /home/student1/mbhagat/coe608/lab3/bit32And.vhd        ;         ;
; bit32Or.vhd                      ; yes             ; User VHDL File  ; /home/student1/mbhagat/coe608/lab3/bit32Or.vhd         ;         ;
; Multiplexer2to1.vhd              ; yes             ; User VHDL File  ; /home/student1/mbhagat/coe608/lab3/Multiplexer2to1.vhd ;         ;
; Multiplexer8to1.vhd              ; yes             ; User VHDL File  ; /home/student1/mbhagat/coe608/lab3/Multiplexer8to1.vhd ;         ;
; bit32Inverse.vhd                 ; yes             ; User VHDL File  ; /home/student1/mbhagat/coe608/lab3/bit32Inverse.vhd    ;         ;
; bit32ROL.vhd                     ; yes             ; User VHDL File  ; /home/student1/mbhagat/coe608/lab3/bit32ROL.vhd        ;         ;
; bit32ROR.vhd                     ; yes             ; User VHDL File  ; /home/student1/mbhagat/coe608/lab3/bit32ROR.vhd        ;         ;
+----------------------------------+-----------------+-----------------+--------------------------------------------------------+---------+


+-----------------------------------------------------------+
; Analysis & Synthesis Resource Usage Summary               ;
+---------------------------------------------+-------------+
; Resource                                    ; Usage       ;
+---------------------------------------------+-------------+
; Estimated Total logic elements              ; 172         ;
;                                             ;             ;
; Total combinational functions               ; 172         ;
; Logic element usage by number of LUT inputs ;             ;
;     -- 4 input functions                    ; 111         ;
;     -- 3 input functions                    ; 60          ;
;     -- <=2 input functions                  ; 1           ;
;                                             ;             ;
; Logic elements by mode                      ;             ;
;     -- normal mode                          ; 172         ;
;     -- arithmetic mode                      ; 0           ;
;                                             ;             ;
; Total registers                             ; 0           ;
;     -- Dedicated logic registers            ; 0           ;
;     -- I/O registers                        ; 0           ;
;                                             ;             ;
; I/O pins                                    ; 101         ;
; Embedded Multiplier 9-bit elements          ; 0           ;
; Maximum fan-out node                        ; op[1]~input ;
; Maximum fan-out                             ; 91          ;
; Total fan-out                               ; 793         ;
; Average fan-out                             ; 2.12        ;
+---------------------------------------------+-------------+


+----------------------------------------------------------------------------------------------------------------------------------------------------------------------------------------------------------+
; Analysis & Synthesis Resource Utilization by Entity                                                                                                                                                      ;
+----------------------------+-------------------+--------------+-------------+--------------+---------+-----------+------+--------------+--------------------------------------------------+--------------+
; Compilation Hierarchy Node ; LC Combinationals ; LC Registers ; Memory Bits ; DSP Elements ; DSP 9x9 ; DSP 18x18 ; Pins ; Virtual Pins ; Full Hierarchy Name                              ; Library Name ;
+----------------------------+-------------------+--------------+-------------+--------------+---------+-----------+------+--------------+--------------------------------------------------+--------------+
; |alu                       ; 172 (12)          ; 0 (0)        ; 0           ; 0            ; 0       ; 0         ; 101  ; 0            ; |alu                                             ; work         ;
;    |Multiplexer8to1:mux1|  ; 125 (125)         ; 0 (0)        ; 0           ; 0            ; 0       ; 0         ; 0    ; 0            ; |alu|Multiplexer8to1:mux1                        ; work         ;
;    |bit32Adder:adder1|     ; 35 (0)            ; 0 (0)        ; 0           ; 0            ; 0       ; 0         ; 0    ; 0            ; |alu|bit32Adder:adder1                           ; work         ;
;       |bit4Adder:s1|       ; 6 (0)             ; 0 (0)        ; 0           ; 0            ; 0       ; 0         ; 0    ; 0            ; |alu|bit32Adder:adder1|bit4Adder:s1              ; work         ;
;          |fullAdder:p1|    ; 1 (1)             ; 0 (0)        ; 0           ; 0            ; 0       ; 0         ; 0    ; 0            ; |alu|bit32Adder:adder1|bit4Adder:s1|fullAdder:p1 ; work         ;
;          |fullAdder:p2|    ; 2 (2)             ; 0 (0)        ; 0           ; 0            ; 0       ; 0         ; 0    ; 0            ; |alu|bit32Adder:adder1|bit4Adder:s1|fullAdder:p2 ; work         ;
;          |fullAdder:p3|    ; 2 (2)             ; 0 (0)        ; 0           ; 0            ; 0       ; 0         ; 0    ; 0            ; |alu|bit32Adder:adder1|bit4Adder:s1|fullAdder:p3 ; work         ;
;          |fullAdder:p4|    ; 1 (1)             ; 0 (0)        ; 0           ; 0            ; 0       ; 0         ; 0    ; 0            ; |alu|bit32Adder:adder1|bit4Adder:s1|fullAdder:p4 ; work         ;
;       |bit4Adder:s2|       ; 4 (0)             ; 0 (0)        ; 0           ; 0            ; 0       ; 0         ; 0    ; 0            ; |alu|bit32Adder:adder1|bit4Adder:s2              ; work         ;
;          |fullAdder:p1|    ; 1 (1)             ; 0 (0)        ; 0           ; 0            ; 0       ; 0         ; 0    ; 0            ; |alu|bit32Adder:adder1|bit4Adder:s2|fullAdder:p1 ; work         ;
;          |fullAdder:p2|    ; 1 (1)             ; 0 (0)        ; 0           ; 0            ; 0       ; 0         ; 0    ; 0            ; |alu|bit32Adder:adder1|bit4Adder:s2|fullAdder:p2 ; work         ;
;          |fullAdder:p3|    ; 1 (1)             ; 0 (0)        ; 0           ; 0            ; 0       ; 0         ; 0    ; 0            ; |alu|bit32Adder:adder1|bit4Adder:s2|fullAdder:p3 ; work         ;
;          |fullAdder:p4|    ; 1 (1)             ; 0 (0)        ; 0           ; 0            ; 0       ; 0         ; 0    ; 0            ; |alu|bit32Adder:adder1|bit4Adder:s2|fullAdder:p4 ; work         ;
;       |bit4Adder:s3|       ; 4 (0)             ; 0 (0)        ; 0           ; 0            ; 0       ; 0         ; 0    ; 0            ; |alu|bit32Adder:adder1|bit4Adder:s3              ; work         ;
;          |fullAdder:p1|    ; 1 (1)             ; 0 (0)        ; 0           ; 0            ; 0       ; 0         ; 0    ; 0            ; |alu|bit32Adder:adder1|bit4Adder:s3|fullAdder:p1 ; work         ;
;          |fullAdder:p2|    ; 1 (1)             ; 0 (0)        ; 0           ; 0            ; 0       ; 0         ; 0    ; 0            ; |alu|bit32Adder:adder1|bit4Adder:s3|fullAdder:p2 ; work         ;
;          |fullAdder:p3|    ; 1 (1)             ; 0 (0)        ; 0           ; 0            ; 0       ; 0         ; 0    ; 0            ; |alu|bit32Adder:adder1|bit4Adder:s3|fullAdder:p3 ; work         ;
;          |fullAdder:p4|    ; 1 (1)             ; 0 (0)        ; 0           ; 0            ; 0       ; 0         ; 0    ; 0            ; |alu|bit32Adder:adder1|bit4Adder:s3|fullAdder:p4 ; work         ;
;       |bit4Adder:s4|       ; 4 (0)             ; 0 (0)        ; 0           ; 0            ; 0       ; 0         ; 0    ; 0            ; |alu|bit32Adder:adder1|bit4Adder:s4              ; work         ;
;          |fullAdder:p1|    ; 1 (1)             ; 0 (0)        ; 0           ; 0            ; 0       ; 0         ; 0    ; 0            ; |alu|bit32Adder:adder1|bit4Adder:s4|fullAdder:p1 ; work         ;
;          |fullAdder:p2|    ; 1 (1)             ; 0 (0)        ; 0           ; 0            ; 0       ; 0         ; 0    ; 0            ; |alu|bit32Adder:adder1|bit4Adder:s4|fullAdder:p2 ; work         ;
;          |fullAdder:p3|    ; 1 (1)             ; 0 (0)        ; 0           ; 0            ; 0       ; 0         ; 0    ; 0            ; |alu|bit32Adder:adder1|bit4Adder:s4|fullAdder:p3 ; work         ;
;          |fullAdder:p4|    ; 1 (1)             ; 0 (0)        ; 0           ; 0            ; 0       ; 0         ; 0    ; 0            ; |alu|bit32Adder:adder1|bit4Adder:s4|fullAdder:p4 ; work         ;
;       |bit4Adder:s5|       ; 4 (0)             ; 0 (0)        ; 0           ; 0            ; 0       ; 0         ; 0    ; 0            ; |alu|bit32Adder:adder1|bit4Adder:s5              ; work         ;
;          |fullAdder:p1|    ; 1 (1)             ; 0 (0)        ; 0           ; 0            ; 0       ; 0         ; 0    ; 0            ; |alu|bit32Adder:adder1|bit4Adder:s5|fullAdder:p1 ; work         ;
;          |fullAdder:p2|    ; 1 (1)             ; 0 (0)        ; 0           ; 0            ; 0       ; 0         ; 0    ; 0            ; |alu|bit32Adder:adder1|bit4Adder:s5|fullAdder:p2 ; work         ;
;          |fullAdder:p3|    ; 1 (1)             ; 0 (0)        ; 0           ; 0            ; 0       ; 0         ; 0    ; 0            ; |alu|bit32Adder:adder1|bit4Adder:s5|fullAdder:p3 ; work         ;
;          |fullAdder:p4|    ; 1 (1)             ; 0 (0)        ; 0           ; 0            ; 0       ; 0         ; 0    ; 0            ; |alu|bit32Adder:adder1|bit4Adder:s5|fullAdder:p4 ; work         ;
;       |bit4Adder:s6|       ; 4 (0)             ; 0 (0)        ; 0           ; 0            ; 0       ; 0         ; 0    ; 0            ; |alu|bit32Adder:adder1|bit4Adder:s6              ; work         ;
;          |fullAdder:p1|    ; 1 (1)             ; 0 (0)        ; 0           ; 0            ; 0       ; 0         ; 0    ; 0            ; |alu|bit32Adder:adder1|bit4Adder:s6|fullAdder:p1 ; work         ;
;          |fullAdder:p2|    ; 1 (1)             ; 0 (0)        ; 0           ; 0            ; 0       ; 0         ; 0    ; 0            ; |alu|bit32Adder:adder1|bit4Adder:s6|fullAdder:p2 ; work         ;
;          |fullAdder:p3|    ; 1 (1)             ; 0 (0)        ; 0           ; 0            ; 0       ; 0         ; 0    ; 0            ; |alu|bit32Adder:adder1|bit4Adder:s6|fullAdder:p3 ; work         ;
;          |fullAdder:p4|    ; 1 (1)             ; 0 (0)        ; 0           ; 0            ; 0       ; 0         ; 0    ; 0            ; |alu|bit32Adder:adder1|bit4Adder:s6|fullAdder:p4 ; work         ;
;       |bit4Adder:s7|       ; 4 (0)             ; 0 (0)        ; 0           ; 0            ; 0       ; 0         ; 0    ; 0            ; |alu|bit32Adder:adder1|bit4Adder:s7              ; work         ;
;          |fullAdder:p1|    ; 1 (1)             ; 0 (0)        ; 0           ; 0            ; 0       ; 0         ; 0    ; 0            ; |alu|bit32Adder:adder1|bit4Adder:s7|fullAdder:p1 ; work         ;
;          |fullAdder:p2|    ; 1 (1)             ; 0 (0)        ; 0           ; 0            ; 0       ; 0         ; 0    ; 0            ; |alu|bit32Adder:adder1|bit4Adder:s7|fullAdder:p2 ; work         ;
;          |fullAdder:p3|    ; 1 (1)             ; 0 (0)        ; 0           ; 0            ; 0       ; 0         ; 0    ; 0            ; |alu|bit32Adder:adder1|bit4Adder:s7|fullAdder:p3 ; work         ;
;          |fullAdder:p4|    ; 1 (1)             ; 0 (0)        ; 0           ; 0            ; 0       ; 0         ; 0    ; 0            ; |alu|bit32Adder:adder1|bit4Adder:s7|fullAdder:p4 ; work         ;
;       |bit4Adder:s8|       ; 5 (0)             ; 0 (0)        ; 0           ; 0            ; 0       ; 0         ; 0    ; 0            ; |alu|bit32Adder:adder1|bit4Adder:s8              ; work         ;
;          |fullAdder:p1|    ; 1 (1)             ; 0 (0)        ; 0           ; 0            ; 0       ; 0         ; 0    ; 0            ; |alu|bit32Adder:adder1|bit4Adder:s8|fullAdder:p1 ; work         ;
;          |fullAdder:p2|    ; 1 (1)             ; 0 (0)        ; 0           ; 0            ; 0       ; 0         ; 0    ; 0            ; |alu|bit32Adder:adder1|bit4Adder:s8|fullAdder:p2 ; work         ;
;          |fullAdder:p3|    ; 1 (1)             ; 0 (0)        ; 0           ; 0            ; 0       ; 0         ; 0    ; 0            ; |alu|bit32Adder:adder1|bit4Adder:s8|fullAdder:p3 ; work         ;
;          |fullAdder:p4|    ; 2 (2)             ; 0 (0)        ; 0           ; 0            ; 0       ; 0         ; 0    ; 0            ; |alu|bit32Adder:adder1|bit4Adder:s8|fullAdder:p4 ; work         ;
+----------------------------+-------------------+--------------+-------------+--------------+---------+-----------+------+--------------+--------------------------------------------------+--------------+
Note: For table entries with two numbers listed, the numbers in parentheses indicate the number of resources of the given type used by the specific entity alone. The numbers listed outside of parentheses indicate the total resources of the given type used by the specific entity and all of its sub-entities in the hierarchy.


+------------------------------------------------------+
; General Register Statistics                          ;
+----------------------------------------------+-------+
; Statistic                                    ; Value ;
+----------------------------------------------+-------+
; Total registers                              ; 0     ;
; Number of registers using Synchronous Clear  ; 0     ;
; Number of registers using Synchronous Load   ; 0     ;
; Number of registers using Asynchronous Clear ; 0     ;
; Number of registers using Asynchronous Load  ; 0     ;
; Number of registers using Clock Enable       ; 0     ;
; Number of registers using Preset             ; 0     ;
+----------------------------------------------+-------+


+----------------------------------------------------------------------------------------------------------------------------------------------+
; Multiplexer Restructuring Statistics (Restructuring Performed)                                                                               ;
+--------------------+-----------+---------------+----------------------+------------------------+------------+--------------------------------+
; Multiplexer Inputs ; Bus Width ; Baseline Area ; Area if Restructured ; Saving if Restructured ; Registered ; Example Multiplexer Output     ;
+--------------------+-----------+---------------+----------------------+------------------------+------------+--------------------------------+
; 6:1                ; 30 bits   ; 120 LEs       ; 90 LEs               ; 30 LEs                 ; No         ; |alu|Multiplexer8to1:mux1|Mux1 ;
+--------------------+-----------+---------------+----------------------+------------------------+------------+--------------------------------+


+-----------------------------------------------------+
; Post-Synthesis Netlist Statistics for Top Partition ;
+-----------------------+-----------------------------+
; Type                  ; Count                       ;
+-----------------------+-----------------------------+
; boundary_port         ; 101                         ;
; cycloneiii_io_obuf    ; 32                          ;
; cycloneiii_lcell_comb ; 172                         ;
;     normal            ; 172                         ;
;         2 data inputs ; 1                           ;
;         3 data inputs ; 60                          ;
;         4 data inputs ; 111                         ;
;                       ;                             ;
; Max LUT depth         ; 35.00                       ;
; Average LUT depth     ; 15.89                       ;
+-----------------------+-----------------------------+


+-------------------------------+
; Elapsed Time Per Partition    ;
+----------------+--------------+
; Partition Name ; Elapsed Time ;
+----------------+--------------+
; Top            ; 00:00:01     ;
+----------------+--------------+


+-------------------------------+
; Analysis & Synthesis Messages ;
+-------------------------------+
Info: *******************************************************************
Info: Running Quartus II 64-Bit Analysis & Synthesis
    Info: Version 14.0.2 Build 209 09/17/2014 SJ Full Version
    Info: Processing started: Tue Feb  6 15:58:47 2018
Info: Command: quartus_map --read_settings_files=on --write_settings_files=off lab3 -c lab3
Info (20030): Parallel compilation is enabled and will use 4 of the 4 processors detected
Info (12021): Found 2 design units, including 1 entities, in source file alu.vhd
    Info (12022): Found design unit 1: alu-description
    Info (12023): Found entity 1: alu
Info (12021): Found 2 design units, including 1 entities, in source file fullAdder.vhd
    Info (12022): Found design unit 1: fullAdder-description
    Info (12023): Found entity 1: fullAdder
Info (12021): Found 2 design units, including 1 entities, in source file bit4Adder.vhd
    Info (12022): Found design unit 1: bit4Adder-description
    Info (12023): Found entity 1: bit4Adder
Info (12021): Found 2 design units, including 1 entities, in source file bit32adder.vhd
    Info (12022): Found design unit 1: bit32Adder-description
    Info (12023): Found entity 1: bit32Adder
Info (12021): Found 1 design units, including 1 entities, in source file lab3.bdf
    Info (12023): Found entity 1: lab3
Info (12021): Found 2 design units, including 1 entities, in source file bit32And.vhd
    Info (12022): Found design unit 1: bit32And-behaviour
    Info (12023): Found entity 1: bit32And
Info (12021): Found 2 design units, including 1 entities, in source file bit32Or.vhd
    Info (12022): Found design unit 1: bit32Or-behaviour
    Info (12023): Found entity 1: bit32Or
Info (12021): Found 2 design units, including 1 entities, in source file Multiplexer2to1.vhd
    Info (12022): Found design unit 1: Multiplexer2to1-Behavior
    Info (12023): Found entity 1: Multiplexer2to1
Info (12021): Found 2 design units, including 1 entities, in source file Multiplexer8to1.vhd
    Info (12022): Found design unit 1: Multiplexer8to1-Behavior
    Info (12023): Found entity 1: Multiplexer8to1
Info (12021): Found 2 design units, including 1 entities, in source file bit32Inverse.vhd
    Info (12022): Found design unit 1: bit32Inverse-behaviour
    Info (12023): Found entity 1: bit32Inverse
Info (12021): Found 2 design units, including 1 entities, in source file bit32ROL.vhd
    Info (12022): Found design unit 1: bit32ROL-behaviour
    Info (12023): Found entity 1: bit32ROL
Info (12021): Found 2 design units, including 1 entities, in source file bit32ROR.vhd
    Info (12022): Found design unit 1: bit32ROR-behaviour
    Info (12023): Found entity 1: bit32ROR
Info (12127): Elaborating entity "alu" for the top level hierarchy
Info (12128): Elaborating entity "Multiplexer8to1" for hierarchy "Multiplexer8to1:mux1"
Info (12128): Elaborating entity "bit32Adder" for hierarchy "bit32Adder:adder1"
Info (12128): Elaborating entity "bit4Adder" for hierarchy "bit32Adder:adder1|bit4Adder:s1"
Info (12128): Elaborating entity "fullAdder" for hierarchy "bit32Adder:adder1|bit4Adder:s1|fullAdder:p1"
Info (12128): Elaborating entity "bit32And" for hierarchy "bit32And:and1"
Info (12128): Elaborating entity "bit32Or" for hierarchy "bit32Or:or1"
Info (12128): Elaborating entity "bit32ROR" for hierarchy "bit32ROR:lsr1"
Info (12128): Elaborating entity "bit32ROL" for hierarchy "bit32ROL:lsl1"
Info (12128): Elaborating entity "Multiplexer2to1" for hierarchy "Multiplexer2to1:negMux"
Info (12128): Elaborating entity "bit32Inverse" for hierarchy "bit32Inverse:notber"
Warning (13046): Tri-state node(s) do not directly drive top-level pin(s)
    Warning (13047): Converted the fan-out from the tri-state buffer "Multiplexer8to1:mux1|f[0]" to the node "Equal0" into an OR gate
    Warning (13047): Converted the fan-out from the tri-state buffer "Multiplexer8to1:mux1|f[1]" to the node "Equal0" into an OR gate
    Warning (13047): Converted the fan-out from the tri-state buffer "Multiplexer8to1:mux1|f[2]" to the node "Equal0" into an OR gate
    Warning (13047): Converted the fan-out from the tri-state buffer "Multiplexer8to1:mux1|f[3]" to the node "Equal0" into an OR gate
    Warning (13047): Converted the fan-out from the tri-state buffer "Multiplexer8to1:mux1|f[4]" to the node "Equal0" into an OR gate
    Warning (13047): Converted the fan-out from the tri-state buffer "Multiplexer8to1:mux1|f[5]" to the node "Equal0" into an OR gate
    Warning (13047): Converted the fan-out from the tri-state buffer "Multiplexer8to1:mux1|f[6]" to the node "Equal0" into an OR gate
    Warning (13047): Converted the fan-out from the tri-state buffer "Multiplexer8to1:mux1|f[7]" to the node "Equal0" into an OR gate
    Warning (13047): Converted the fan-out from the tri-state buffer "Multiplexer8to1:mux1|f[8]" to the node "Equal0" into an OR gate
    Warning (13047): Converted the fan-out from the tri-state buffer "Multiplexer8to1:mux1|f[9]" to the node "Equal0" into an OR gate
    Warning (13047): Converted the fan-out from the tri-state buffer "Multiplexer8to1:mux1|f[10]" to the node "Equal0" into an OR gate
    Warning (13047): Converted the fan-out from the tri-state buffer "Multiplexer8to1:mux1|f[11]" to the node "Equal0" into an OR gate
    Warning (13047): Converted the fan-out from the tri-state buffer "Multiplexer8to1:mux1|f[12]" to the node "Equal0" into an OR gate
    Warning (13047): Converted the fan-out from the tri-state buffer "Multiplexer8to1:mux1|f[13]" to the node "Equal0" into an OR gate
    Warning (13047): Converted the fan-out from the tri-state buffer "Multiplexer8to1:mux1|f[14]" to the node "Equal0" into an OR gate
    Warning (13047): Converted the fan-out from the tri-state buffer "Multiplexer8to1:mux1|f[15]" to the node "Equal0" into an OR gate
    Warning (13047): Converted the fan-out from the tri-state buffer "Multiplexer8to1:mux1|f[16]" to the node "Equal0" into an OR gate
    Warning (13047): Converted the fan-out from the tri-state buffer "Multiplexer8to1:mux1|f[17]" to the node "Equal0" into an OR gate
    Warning (13047): Converted the fan-out from the tri-state buffer "Multiplexer8to1:mux1|f[18]" to the node "Equal0" into an OR gate
    Warning (13047): Converted the fan-out from the tri-state buffer "Multiplexer8to1:mux1|f[19]" to the node "Equal0" into an OR gate
    Warning (13047): Converted the fan-out from the tri-state buffer "Multiplexer8to1:mux1|f[20]" to the node "Equal0" into an OR gate
    Warning (13047): Converted the fan-out from the tri-state buffer "Multiplexer8to1:mux1|f[21]" to the node "Equal0" into an OR gate
    Warning (13047): Converted the fan-out from the tri-state buffer "Multiplexer8to1:mux1|f[22]" to the node "Equal0" into an OR gate
    Warning (13047): Converted the fan-out from the tri-state buffer "Multiplexer8to1:mux1|f[23]" to the node "Equal0" into an OR gate
    Warning (13047): Converted the fan-out from the tri-state buffer "Multiplexer8to1:mux1|f[24]" to the node "Equal0" into an OR gate
    Warning (13047): Converted the fan-out from the tri-state buffer "Multiplexer8to1:mux1|f[25]" to the node "Equal0" into an OR gate
    Warning (13047): Converted the fan-out from the tri-state buffer "Multiplexer8to1:mux1|f[26]" to the node "Equal0" into an OR gate
    Warning (13047): Converted the fan-out from the tri-state buffer "Multiplexer8to1:mux1|f[27]" to the node "Equal0" into an OR gate
    Warning (13047): Converted the fan-out from the tri-state buffer "Multiplexer8to1:mux1|f[28]" to the node "Equal0" into an OR gate
    Warning (13047): Converted the fan-out from the tri-state buffer "Multiplexer8to1:mux1|f[29]" to the node "Equal0" into an OR gate
    Warning (13047): Converted the fan-out from the tri-state buffer "Multiplexer8to1:mux1|f[30]" to the node "Equal0" into an OR gate
    Warning (13047): Converted the fan-out from the tri-state buffer "Multiplexer8to1:mux1|f[31]" to the node "Equal0" into an OR gate
Info (286030): Timing-Driven Synthesis is running
Info (16010): Generating hard_block partition "hard_block:auto_generated_inst"
    Info (16011): Adding 0 node(s), including 0 DDIO, 0 PLL, 0 transceiver and 0 LCELL
Info (21057): Implemented 273 device resources after synthesis - the final resource count might be different
    Info (21058): Implemented 67 input pins
    Info (21059): Implemented 34 output pins
    Info (21061): Implemented 172 logic cells
Info: Quartus II 64-Bit Analysis & Synthesis was successful. 0 errors, 33 warnings
    Info: Peak virtual memory: 933 megabytes
    Info: Processing ended: Tue Feb  6 15:58:52 2018
    Info: Elapsed time: 00:00:05
    Info: Total CPU time (on all processors): 00:00:03


