Flow report for lab3
Wed Feb  7 09:54:57 2018
Quartus II 64-Bit Version 14.0.2 Build 209 09/17/2014 SJ Full Version


---------------------
; Table of Contents ;
---------------------
  1. Legal Notice
  2. Flow Summary
  3. Flow Settings
  4. Flow Non-Default Global Settings
  5. Flow Elapsed Time
  6. Flow OS Summary
  7. Flow Log
  8. Flow Messages
  9. Flow Suppressed Messages



----------------
; Legal Notice ;
----------------
Copyright (C) 1991-2014 Altera Corporation. All rights reserved.
Your use of Altera Corporation's design tools, logic functions 
and other software and tools, and its AMPP partner logic 
functions, and any output files from any of the foregoing 
(including device programming or simulation files), and any 
associated documentation or information are expressly subject 
to the terms and conditions of the Altera Program License 
Subscription Agreement, the Altera Quartus II License Agreement,
the Altera MegaCore Function License Agreement, or other 
applicable license agreement, including, without limitation, 
that your use is for the sole purpose of programming logic 
devices manufactured by Altera and sold by Altera or its 
authorized distributors.  Please refer to the applicable 
agreement for further details.



+----------------------------------------------------------------------------------+
; Flow Summary                                                                     ;
+------------------------------------+---------------------------------------------+
; Flow Status                        ; Successful - Wed Feb  7 09:54:57 2018       ;
; Quartus II 64-Bit Version          ; 14.0.2 Build 209 09/17/2014 SJ Full Version ;
; Revision Name                      ; lab3                                        ;
; Top-level Entity Name              ; alu                                         ;
; Family                             ; Cyclone IV E                                ;
; Device                             ; EP4CE115F29C7                               ;
; Timing Models                      ; Final                                       ;
; Total logic elements               ; 172 / 114,480 ( < 1 % )                     ;
;     Total combinational functions  ; 172 / 114,480 ( < 1 % )                     ;
;     Dedicated logic registers      ; 0 / 114,480 ( 0 % )                         ;
; Total registers                    ; 0                                           ;
; Total pins                         ; 101 / 529 ( 19 % )                          ;
; Total virtual pins                 ; 0                                           ;
; Total memory bits                  ; 0 / 3,981,312 ( 0 % )                       ;
; Embedded Multiplier 9-bit elements ; 0 / 532 ( 0 % )                             ;
; Total PLLs                         ; 0 / 4 ( 0 % )                               ;
+------------------------------------+---------------------------------------------+


+-----------------------------------------+
; Flow Settings                           ;
+-------------------+---------------------+
; Option            ; Setting             ;
+-------------------+---------------------+
; Start date & time ; 02/06/2018 15:58:48 ;
; Main task         ; Compilation         ;
; Revision Name     ; lab3                ;
+-------------------+---------------------+


+------------------------------------------------------------------------------------------------------------------------------------------+
; Flow Non-Default Global Settings                                                                                                         ;
+-------------------------------------+-----------------------------------------------------+---------------+-------------+----------------+
; Assignment Name                     ; Value                                               ; Default Value ; Entity Name ; Section Id     ;
+-------------------------------------+-----------------------------------------------------+---------------+-------------+----------------+
; COMPILER_SIGNATURE_ID               ; 238368711216709.151795072807630                     ; --            ; --          ; --             ;
; EDA_GENERATE_FUNCTIONAL_NETLIST     ; On                                                  ; --            ; --          ; eda_simulation ;
; EDA_NETLIST_WRITER_OUTPUT_DIR       ; /home/student1/mbhagat/coe608/lab3/simulation/qsim/ ; --            ; --          ; eda_simulation ;
; EDA_OUTPUT_DATA_FORMAT              ; Verilog Hdl                                         ; --            ; --          ; eda_simulation ;
; EDA_SIMULATION_TOOL                 ; ModelSim-Altera (Verilog)                           ; <None>        ; --          ; --             ;
; EDA_TIME_SCALE                      ; 1 ps                                                ; --            ; --          ; eda_simulation ;
; MAX_CORE_JUNCTION_TEMP              ; 85                                                  ; --            ; --          ; --             ;
; MIN_CORE_JUNCTION_TEMP              ; 0                                                   ; --            ; --          ; --             ;
; NOMINAL_CORE_SUPPLY_VOLTAGE         ; 1.2V                                                ; --            ; --          ; --             ;
; PARTITION_COLOR                     ; 16764057                                            ; --            ; alu         ; Top            ;
; PARTITION_FITTER_PRESERVATION_LEVEL ; PLACEMENT_AND_ROUTING                               ; --            ; alu         ; Top            ;
; PARTITION_NETLIST_TYPE              ; SOURCE                                              ; --            ; alu         ; Top            ;
; POWER_BOARD_THERMAL_MODEL           ; None (CONSERVATIVE)                                 ; --            ; --          ; --             ;
; POWER_PRESET_COOLING_SOLUTION       ; 23 MM HEAT SINK WITH 200 LFPM AIRFLOW               ; --            ; --          ; --             ;
; PROJECT_OUTPUT_DIRECTORY            ; output_files                                        ; --            ; --          ; --             ;
; TOP_LEVEL_ENTITY                    ; alu                                                 ; lab3          ; --          ; --             ;
+-------------------------------------+-----------------------------------------------------+---------------+-------------+----------------+


+-------------------------------------------------------------------------------------------------------------------------------+
; Flow Elapsed Time                                                                                                             ;
+---------------------------+--------------+-------------------------+---------------------+------------------------------------+
; Module Name               ; Elapsed Time ; Average Processors Used ; Peak Virtual Memory ; Total CPU Time (on all processors) ;
+---------------------------+--------------+-------------------------+---------------------+------------------------------------+
; Analysis & Synthesis      ; 00:00:04     ; 1.0                     ; 886 MB              ; 00:00:03                           ;
; Fitter                    ; 00:00:13     ; 1.2                     ; 1359 MB             ; 00:00:16                           ;
; Assembler                 ; 00:00:05     ; 1.0                     ; 770 MB              ; 00:00:05                           ;
; TimeQuest Timing Analyzer ; 00:00:04     ; 1.0                     ; 896 MB              ; 00:00:03                           ;
; EDA Netlist Writer        ; 00:00:00     ; 1.0                     ; 893 MB              ; 00:00:00                           ;
; EDA Netlist Writer        ; 00:00:01     ; 1.0                     ; 989 MB              ; 00:00:00                           ;
; EDA Netlist Writer        ; 00:00:00     ; 1.0                     ; 1005 MB             ; 00:00:01                           ;
; EDA Netlist Writer        ; 00:00:01     ; 1.0                     ; 989 MB              ; 00:00:00                           ;
; EDA Netlist Writer        ; 00:00:01     ; 1.0                     ; 1005 MB             ; 00:00:01                           ;
; EDA Netlist Writer        ; 00:00:01     ; 1.0                     ; 989 MB              ; 00:00:00                           ;
; EDA Netlist Writer        ; 00:00:01     ; 1.0                     ; 1005 MB             ; 00:00:01                           ;
; EDA Netlist Writer        ; 00:00:01     ; 1.0                     ; 989 MB              ; 00:00:00                           ;
; EDA Netlist Writer        ; 00:00:01     ; 1.0                     ; 1005 MB             ; 00:00:01                           ;
; EDA Netlist Writer        ; 00:00:01     ; 1.0                     ; 989 MB              ; 00:00:00                           ;
; EDA Netlist Writer        ; 00:00:01     ; 1.0                     ; 1005 MB             ; 00:00:01                           ;
; EDA Netlist Writer        ; 00:00:01     ; 1.0                     ; 989 MB              ; 00:00:00                           ;
; EDA Netlist Writer        ; 00:00:01     ; 1.0                     ; 1005 MB             ; 00:00:01                           ;
; EDA Netlist Writer        ; 00:00:01     ; 1.0                     ; 989 MB              ; 00:00:00                           ;
; EDA Netlist Writer        ; 00:00:01     ; 1.0                     ; 1005 MB             ; 00:00:01                           ;
; EDA Netlist Writer        ; 00:00:00     ; 1.0                     ; 990 MB              ; 00:00:00                           ;
; EDA Netlist Writer        ; 00:00:01     ; 1.0                     ; 1005 MB             ; 00:00:01                           ;
; EDA Netlist Writer        ; 00:00:01     ; 1.0                     ; 989 MB              ; 00:00:00                           ;
; EDA Netlist Writer        ; 00:00:01     ; 1.0                     ; 1005 MB             ; 00:00:01                           ;
; EDA Netlist Writer        ; 00:00:00     ; 1.0                     ; 989 MB              ; 00:00:00                           ;
; EDA Netlist Writer        ; 00:00:01     ; 1.0                     ; 1005 MB             ; 00:00:01                           ;
; EDA Netlist Writer        ; 00:00:00     ; 1.0                     ; 989 MB              ; 00:00:00                           ;
; EDA Netlist Writer        ; 00:00:01     ; 1.0                     ; 1005 MB             ; 00:00:01                           ;
; EDA Netlist Writer        ; 00:00:01     ; 1.0                     ; 989 MB              ; 00:00:00                           ;
; EDA Netlist Writer        ; 00:00:01     ; 1.0                     ; 1005 MB             ; 00:00:01                           ;
; EDA Netlist Writer        ; 00:00:01     ; 1.0                     ; 991 MB              ; 00:00:01                           ;
; EDA Netlist Writer        ; 00:00:01     ; 1.0                     ; 1007 MB             ; 00:00:01                           ;
; EDA Netlist Writer        ; 00:00:01     ; 1.0                     ; 991 MB              ; 00:00:01                           ;
; EDA Netlist Writer        ; 00:00:01     ; 1.0                     ; 1007 MB             ; 00:00:01                           ;
; EDA Netlist Writer        ; 00:00:01     ; 1.0                     ; 991 MB              ; 00:00:01                           ;
; EDA Netlist Writer        ; 00:00:01     ; 1.0                     ; 991 MB              ; 00:00:01                           ;
; EDA Netlist Writer        ; 00:00:01     ; 1.0                     ; 1007 MB             ; 00:00:01                           ;
; EDA Netlist Writer        ; 00:00:01     ; 1.0                     ; 991 MB              ; 00:00:01                           ;
; EDA Netlist Writer        ; 00:00:02     ; 1.0                     ; 1007 MB             ; 00:00:01                           ;
; EDA Netlist Writer        ; 00:00:01     ; 1.0                     ; 991 MB              ; 00:00:01                           ;
; EDA Netlist Writer        ; 00:00:01     ; 1.0                     ; 1007 MB             ; 00:00:01                           ;
; EDA Netlist Writer        ; 00:00:01     ; 1.0                     ; 991 MB              ; 00:00:01                           ;
; EDA Netlist Writer        ; 00:00:02     ; 1.0                     ; 1007 MB             ; 00:00:01                           ;
; Total                     ; 00:01:01     ; --                      ; --                  ; 00:00:52                           ;
+---------------------------+--------------+-------------------------+---------------------+------------------------------------+


+---------------------------------------------------------------------------------------------------+
; Flow OS Summary                                                                                   ;
+---------------------------+----------------------+------------------+------------+----------------+
; Module Name               ; Machine Hostname     ; OS Name          ; OS Version ; Processor type ;
+---------------------------+----------------------+------------------+------------+----------------+
; Analysis & Synthesis      ; rsw011.ee.ryerson.ca ; Scientific Linux ; 6          ; x86_64         ;
; Fitter                    ; rsw011.ee.ryerson.ca ; Scientific Linux ; 6          ; x86_64         ;
; Assembler                 ; rsw011.ee.ryerson.ca ; Scientific Linux ; 6          ; x86_64         ;
; TimeQuest Timing Analyzer ; rsw011.ee.ryerson.ca ; Scientific Linux ; 6          ; x86_64         ;
; EDA Netlist Writer        ; rsw011.ee.ryerson.ca ; Scientific Linux ; 6          ; x86_64         ;
; EDA Netlist Writer        ; rsw011.ee.ryerson.ca ; Scientific Linux ; 6          ; x86_64         ;
; EDA Netlist Writer        ; rsw011.ee.ryerson.ca ; Scientific Linux ; 6          ; x86_64         ;
; EDA Netlist Writer        ; rsw011.ee.ryerson.ca ; Scientific Linux ; 6          ; x86_64         ;
; EDA Netlist Writer        ; rsw011.ee.ryerson.ca ; Scientific Linux ; 6          ; x86_64         ;
; EDA Netlist Writer        ; rsw011.ee.ryerson.ca ; Scientific Linux ; 6          ; x86_64         ;
; EDA Netlist Writer        ; rsw011.ee.ryerson.ca ; Scientific Linux ; 6          ; x86_64         ;
; EDA Netlist Writer        ; rsw011.ee.ryerson.ca ; Scientific Linux ; 6          ; x86_64         ;
; EDA Netlist Writer        ; rsw011.ee.ryerson.ca ; Scientific Linux ; 6          ; x86_64         ;
; EDA Netlist Writer        ; rsw011.ee.ryerson.ca ; Scientific Linux ; 6          ; x86_64         ;
; EDA Netlist Writer        ; rsw011.ee.ryerson.ca ; Scientific Linux ; 6          ; x86_64         ;
; EDA Netlist Writer        ; rsw011.ee.ryerson.ca ; Scientific Linux ; 6          ; x86_64         ;
; EDA Netlist Writer        ; rsw011.ee.ryerson.ca ; Scientific Linux ; 6          ; x86_64         ;
; EDA Netlist Writer        ; rsw011.ee.ryerson.ca ; Scientific Linux ; 6          ; x86_64         ;
; EDA Netlist Writer        ; rsw011.ee.ryerson.ca ; Scientific Linux ; 6          ; x86_64         ;
; EDA Netlist Writer        ; rsw011.ee.ryerson.ca ; Scientific Linux ; 6          ; x86_64         ;
; EDA Netlist Writer        ; rsw011.ee.ryerson.ca ; Scientific Linux ; 6          ; x86_64         ;
; EDA Netlist Writer        ; rsw011.ee.ryerson.ca ; Scientific Linux ; 6          ; x86_64         ;
; EDA Netlist Writer        ; rsw011.ee.ryerson.ca ; Scientific Linux ; 6          ; x86_64         ;
; EDA Netlist Writer        ; rsw011.ee.ryerson.ca ; Scientific Linux ; 6          ; x86_64         ;
; EDA Netlist Writer        ; rsw011.ee.ryerson.ca ; Scientific Linux ; 6          ; x86_64         ;
; EDA Netlist Writer        ; rsw011.ee.ryerson.ca ; Scientific Linux ; 6          ; x86_64         ;
; EDA Netlist Writer        ; rsw011.ee.ryerson.ca ; Scientific Linux ; 6          ; x86_64         ;
; EDA Netlist Writer        ; rsw011.ee.ryerson.ca ; Scientific Linux ; 6          ; x86_64         ;
; EDA Netlist Writer        ; rsw011.ee.ryerson.ca ; Scientific Linux ; 6          ; x86_64         ;
; EDA Netlist Writer        ; clef.ee.ryerson.ca   ; Scientific Linux ; 6          ; x86_64         ;
; EDA Netlist Writer        ; clef.ee.ryerson.ca   ; Scientific Linux ; 6          ; x86_64         ;
; EDA Netlist Writer        ; clef.ee.ryerson.ca   ; Scientific Linux ; 6          ; x86_64         ;
; EDA Netlist Writer        ; clef.ee.ryerson.ca   ; Scientific Linux ; 6          ; x86_64         ;
; EDA Netlist Writer        ; clef.ee.ryerson.ca   ; Scientific Linux ; 6          ; x86_64         ;
; EDA Netlist Writer        ; clef.ee.ryerson.ca   ; Scientific Linux ; 6          ; x86_64         ;
; EDA Netlist Writer        ; clef.ee.ryerson.ca   ; Scientific Linux ; 6          ; x86_64         ;
; EDA Netlist Writer        ; clef.ee.ryerson.ca   ; Scientific Linux ; 6          ; x86_64         ;
; EDA Netlist Writer        ; clef.ee.ryerson.ca   ; Scientific Linux ; 6          ; x86_64         ;
; EDA Netlist Writer        ; clef.ee.ryerson.ca   ; Scientific Linux ; 6          ; x86_64         ;
; EDA Netlist Writer        ; clef.ee.ryerson.ca   ; Scientific Linux ; 6          ; x86_64         ;
; EDA Netlist Writer        ; clef.ee.ryerson.ca   ; Scientific Linux ; 6          ; x86_64         ;
; EDA Netlist Writer        ; clef.ee.ryerson.ca   ; Scientific Linux ; 6          ; x86_64         ;
+---------------------------+----------------------+------------------+------------+----------------+


------------
; Flow Log ;
------------
quartus_map --read_settings_files=on --write_settings_files=off lab3 -c lab3
quartus_fit --read_settings_files=off --write_settings_files=off lab3 -c lab3
quartus_asm --read_settings_files=off --write_settings_files=off lab3 -c lab3
quartus_sta lab3 -c lab3
quartus_eda --read_settings_files=off --write_settings_files=off lab3 -c lab3
quartus_eda --gen_testbench --check_outputs=on --tool=modelsim_oem --format=verilog lab3 -c lab3 --vector_source=/home/student1/mbhagat/coe608/lab3/ALUWaveform.vwf --testbench_file=/home/student1/mbhagat/coe608/lab3/simulation/qsim/ALUWaveform.vwf.vt
quartus_eda --functional=on --flatten_buses=off --simulation=on --tool=modelsim_oem --format=verilog --output_directory=/home/student1/mbhagat/coe608/lab3/simulation/qsim/ lab3 -c lab3
quartus_eda --gen_testbench --check_outputs=on --tool=modelsim_oem --format=verilog lab3 -c lab3 --vector_source=/home/student1/mbhagat/coe608/lab3/ALUWaveform.vwf --testbench_file=/home/student1/mbhagat/coe608/lab3/simulation/qsim/ALUWaveform.vwf.vt
quartus_eda --functional=on --flatten_buses=off --simulation=on --tool=modelsim_oem --format=verilog --output_directory=/home/student1/mbhagat/coe608/lab3/simulation/qsim/ lab3 -c lab3
quartus_eda --gen_testbench --check_outputs=on --tool=modelsim_oem --format=verilog lab3 -c lab3 --vector_source=/home/student1/mbhagat/coe608/lab3/ALUWaveform.vwf --testbench_file=/home/student1/mbhagat/coe608/lab3/simulation/qsim/ALUWaveform.vwf.vt
quartus_eda --functional=on --flatten_buses=off --simulation=on --tool=modelsim_oem --format=verilog --output_directory=/home/student1/mbhagat/coe608/lab3/simulation/qsim/ lab3 -c lab3
quartus_eda --gen_testbench --check_outputs=on --tool=modelsim_oem --format=verilog lab3 -c lab3 --vector_source=/home/student1/mbhagat/coe608/lab3/ALUWaveform.vwf --testbench_file=/home/student1/mbhagat/coe608/lab3/simulation/qsim/ALUWaveform.vwf.vt
quartus_eda --functional=off --flatten_buses=off --timescale=1ps --simulation=on --tool=modelsim_oem --format=verilog --output_directory=/home/student1/mbhagat/coe608/lab3/simulation/qsim/ lab3 -c lab3
quartus_eda --gen_testbench --check_outputs=on --tool=modelsim_oem --format=verilog lab3 -c lab3 --vector_source=/home/student1/mbhagat/coe608/lab3/ALUWaveform.vwf --testbench_file=/home/student1/mbhagat/coe608/lab3/simulation/qsim/ALUWaveform.vwf.vt
quartus_eda --functional=on --flatten_buses=off --simulation=on --tool=modelsim_oem --format=verilog --output_directory=/home/student1/mbhagat/coe608/lab3/simulation/qsim/ lab3 -c lab3
quartus_eda --gen_testbench --check_outputs=on --tool=modelsim_oem --format=verilog lab3 -c lab3 --vector_source=/home/student1/mbhagat/coe608/lab3/ALUWaveform.vwf --testbench_file=/home/student1/mbhagat/coe608/lab3/simulation/qsim/ALUWaveform.vwf.vt
quartus_eda --functional=off --flatten_buses=off --timescale=1ps --simulation=on --tool=modelsim_oem --format=verilog --output_directory=/home/student1/mbhagat/coe608/lab3/simulation/qsim/ lab3 -c lab3
quartus_eda --gen_testbench --check_outputs=on --tool=modelsim_oem --format=verilog lab3 -c lab3 --vector_source=/home/student1/mbhagat/coe608/lab3/ALUWaveform.vwf --testbench_file=/home/student1/mbhagat/coe608/lab3/simulation/qsim/ALUWaveform.vwf.vt
quartus_eda --functional=on --flatten_buses=off --simulation=on --tool=modelsim_oem --format=verilog --output_directory=/home/student1/mbhagat/coe608/lab3/simulation/qsim/ lab3 -c lab3
quartus_eda --gen_testbench --check_outputs=on --tool=modelsim_oem --format=verilog lab3 -c lab3 --vector_source=/home/student1/mbhagat/coe608/lab3/ALUWaveform.vwf --testbench_file=/home/student1/mbhagat/coe608/lab3/simulation/qsim/ALUWaveform.vwf.vt
quartus_eda --functional=off --flatten_buses=off --timescale=1ps --simulation=on --tool=modelsim_oem --format=verilog --output_directory=/home/student1/mbhagat/coe608/lab3/simulation/qsim/ lab3 -c lab3
quartus_eda --gen_testbench --check_outputs=on --tool=modelsim_oem --format=verilog lab3 -c lab3 --vector_source=/home/student1/mbhagat/coe608/lab3/ALUWaveform.vwf --testbench_file=/home/student1/mbhagat/coe608/lab3/simulation/qsim/ALUWaveform.vwf.vt
quartus_eda --functional=on --flatten_buses=off --simulation=on --tool=modelsim_oem --format=verilog --output_directory=/home/student1/mbhagat/coe608/lab3/simulation/qsim/ lab3 -c lab3
quartus_eda --gen_testbench --check_outputs=on --tool=modelsim_oem --format=verilog lab3 -c lab3 --vector_source=/home/student1/mbhagat/coe608/lab3/ALUWaveform.vwf --testbench_file=/home/student1/mbhagat/coe608/lab3/simulation/qsim/ALUWaveform.vwf.vt
quartus_eda --functional=off --flatten_buses=off --timescale=1ps --simulation=on --tool=modelsim_oem --format=verilog --output_directory=/home/student1/mbhagat/coe608/lab3/simulation/qsim/ lab3 -c lab3
quartus_eda --gen_testbench --check_outputs=on --tool=modelsim_oem --format=verilog lab3 -c lab3 --vector_source=/home/student1/mbhagat/coe608/lab3/ALUWaveform.vwf --testbench_file=/home/student1/mbhagat/coe608/lab3/simulation/qsim/ALUWaveform.vwf.vt
quartus_eda --functional=on --flatten_buses=off --simulation=on --tool=modelsim_oem --format=verilog --output_directory=/home/student1/mbhagat/coe608/lab3/simulation/qsim/ lab3 -c lab3
quartus_eda --gen_testbench --check_outputs=on --tool=modelsim_oem --format=verilog lab3 -c lab3 --vector_source=/home/student1/mbhagat/coe608/lab3/ALUWaveform.vwf --testbench_file=/home/student1/mbhagat/coe608/lab3/simulation/qsim/ALUWaveform.vwf.vt
quartus_eda --functional=off --flatten_buses=off --timescale=1ps --simulation=on --tool=modelsim_oem --format=verilog --output_directory=/home/student1/mbhagat/coe608/lab3/simulation/qsim/ lab3 -c lab3
quartus_eda --gen_testbench --check_outputs=on --tool=modelsim_oem --format=verilog lab3 -c lab3 --vector_source=/home/student1/mbhagat/coe608/lab3/ALUWaveform.vwf --testbench_file=/home/student1/mbhagat/coe608/lab3/simulation/qsim/ALUWaveform.vwf.vt
quartus_eda --functional=on --flatten_buses=off --simulation=on --tool=modelsim_oem --format=verilog --output_directory=/home/student1/mbhagat/coe608/lab3/simulation/qsim/ lab3 -c lab3
quartus_eda --gen_testbench --check_outputs=on --tool=modelsim_oem --format=verilog lab3 -c lab3 --vector_source=/home/student1/mbhagat/coe608/lab3/ALUWaveform.vwf --testbench_file=/home/student1/mbhagat/coe608/lab3/simulation/qsim/ALUWaveform.vwf.vt
quartus_eda --functional=on --flatten_buses=off --simulation=on --tool=modelsim_oem --format=verilog --output_directory=/home/student1/mbhagat/coe608/lab3/simulation/qsim/ lab3 -c lab3
quartus_eda --gen_testbench --check_outputs=on --tool=modelsim_oem --format=verilog lab3 -c lab3 --vector_source=/home/student1/mbhagat/coe608/lab3/ALUWaveform.vwf --testbench_file=/home/student1/mbhagat/coe608/lab3/simulation/qsim/ALUWaveform.vwf.vt
quartus_eda --gen_testbench --check_outputs=on --tool=modelsim_oem --format=verilog lab3 -c lab3 --vector_source=/home/student1/mbhagat/coe608/lab3/ALUWaveform.vwf --testbench_file=/home/student1/mbhagat/coe608/lab3/simulation/qsim/ALUWaveform.vwf.vt
quartus_eda --functional=off --flatten_buses=off --timescale=1ps --simulation=on --tool=modelsim_oem --format=verilog --output_directory=/home/student1/mbhagat/coe608/lab3/simulation/qsim/ lab3 -c lab3
quartus_eda --gen_testbench --check_outputs=on --tool=modelsim_oem --format=verilog lab3 -c lab3 --vector_source=/home/student1/mbhagat/coe608/lab3/ALUWaveform.vwf --testbench_file=/home/student1/mbhagat/coe608/lab3/simulation/qsim/ALUWaveform.vwf.vt
quartus_eda --functional=off --flatten_buses=off --timescale=1ps --simulation=on --tool=modelsim_oem --format=verilog --output_directory=/home/student1/mbhagat/coe608/lab3/simulation/qsim/ lab3 -c lab3
quartus_eda --gen_testbench --check_outputs=on --tool=modelsim_oem --format=verilog lab3 -c lab3 --vector_source=/home/student1/mbhagat/coe608/lab3/ALUWaveform.vwf --testbench_file=/home/student1/mbhagat/coe608/lab3/simulation/qsim/ALUWaveform.vwf.vt
quartus_eda --functional=on --flatten_buses=off --simulation=on --tool=modelsim_oem --format=verilog --output_directory=/home/student1/mbhagat/coe608/lab3/simulation/qsim/ lab3 -c lab3
quartus_eda --gen_testbench --check_outputs=on --tool=modelsim_oem --format=verilog lab3 -c lab3 --vector_source=/home/student1/mbhagat/coe608/lab3/ALUWaveform.vwf --testbench_file=/home/student1/mbhagat/coe608/lab3/simulation/qsim/ALUWaveform.vwf.vt
quartus_eda --functional=off --flatten_buses=off --timescale=1ps --simulation=on --tool=modelsim_oem --format=verilog --output_directory=/home/student1/mbhagat/coe608/lab3/simulation/qsim/ lab3 -c lab3



