Analysis & Synthesis report for lab3b
Wed Feb 14 09:04:48 2018
Quartus II 64-Bit Version 14.0.2 Build 209 09/17/2014 SJ Full Version


---------------------
; Table of Contents ;
---------------------
  1. Legal Notice
  2. Analysis & Synthesis Summary
  3. Analysis & Synthesis Settings
  4. Parallel Compilation
  5. Analysis & Synthesis Source Files Read
  6. Analysis & Synthesis Resource Usage Summary
  7. Analysis & Synthesis Resource Utilization by Entity
  8. User-Specified and Inferred Latches
  9. General Register Statistics
 10. Multiplexer Restructuring Statistics (Restructuring Performed)
 11. Post-Synthesis Netlist Statistics for Top Partition
 12. Elapsed Time Per Partition
 13. Analysis & Synthesis Messages



----------------
; Legal Notice ;
----------------
Copyright (C) 1991-2014 Altera Corporation. All rights reserved.
Your use of Altera Corporation's design tools, logic functions 
and other software and tools, and its AMPP partner logic 
functions, and any output files from any of the foregoing 
(including device programming or simulation files), and any 
associated documentation or information are expressly subject 
to the terms and conditions of the Altera Program License 
Subscription Agreement, the Altera Quartus II License Agreement,
the Altera MegaCore Function License Agreement, or other 
applicable license agreement, including, without limitation, 
that your use is for the sole purpose of programming logic 
devices manufactured by Altera and sold by Altera or its 
authorized distributors.  Please refer to the applicable 
agreement for further details.



+----------------------------------------------------------------------------------+
; Analysis & Synthesis Summary                                                     ;
+------------------------------------+---------------------------------------------+
; Analysis & Synthesis Status        ; Successful - Wed Feb 14 09:04:48 2018       ;
; Quartus II 64-Bit Version          ; 14.0.2 Build 209 09/17/2014 SJ Full Version ;
; Revision Name                      ; lab3b                                       ;
; Top-level Entity Name              ; lab3_b                                      ;
; Family                             ; Cyclone IV E                                ;
; Total logic elements               ; 147                                         ;
;     Total combinational functions  ; 147                                         ;
;     Dedicated logic registers      ; 0                                           ;
; Total registers                    ; 0                                           ;
; Total pins                         ; 101                                         ;
; Total virtual pins                 ; 0                                           ;
; Total memory bits                  ; 0                                           ;
; Embedded Multiplier 9-bit elements ; 0                                           ;
; Total PLLs                         ; 0                                           ;
+------------------------------------+---------------------------------------------+


+----------------------------------------------------------------------------------------------------------------------+
; Analysis & Synthesis Settings                                                                                        ;
+----------------------------------------------------------------------------+--------------------+--------------------+
; Option                                                                     ; Setting            ; Default Value      ;
+----------------------------------------------------------------------------+--------------------+--------------------+
; Device                                                                     ; EP4CE115F29C7      ;                    ;
; Top-level entity name                                                      ; lab3_b             ; lab3b              ;
; Family name                                                                ; Cyclone IV E       ; Cyclone IV GX      ;
; Use smart compilation                                                      ; Off                ; Off                ;
; Enable parallel Assembler and TimeQuest Timing Analyzer during compilation ; On                 ; On                 ;
; Enable compact report table                                                ; Off                ; Off                ;
; Restructure Multiplexers                                                   ; Auto               ; Auto               ;
; Create Debugging Nodes for IP Cores                                        ; Off                ; Off                ;
; Preserve fewer node names                                                  ; On                 ; On                 ;
; Disable OpenCore Plus hardware evaluation                                  ; Off                ; Off                ;
; Verilog Version                                                            ; Verilog_2001       ; Verilog_2001       ;
; VHDL Version                                                               ; VHDL_1993          ; VHDL_1993          ;
; State Machine Processing                                                   ; Auto               ; Auto               ;
; Safe State Machine                                                         ; Off                ; Off                ;
; Extract Verilog State Machines                                             ; On                 ; On                 ;
; Extract VHDL State Machines                                                ; On                 ; On                 ;
; Ignore Verilog initial constructs                                          ; Off                ; Off                ;
; Iteration limit for constant Verilog loops                                 ; 5000               ; 5000               ;
; Iteration limit for non-constant Verilog loops                             ; 250                ; 250                ;
; Add Pass-Through Logic to Inferred RAMs                                    ; On                 ; On                 ;
; Infer RAMs from Raw Logic                                                  ; On                 ; On                 ;
; Parallel Synthesis                                                         ; On                 ; On                 ;
; DSP Block Balancing                                                        ; Auto               ; Auto               ;
; NOT Gate Push-Back                                                         ; On                 ; On                 ;
; Power-Up Don't Care                                                        ; On                 ; On                 ;
; Remove Redundant Logic Cells                                               ; Off                ; Off                ;
; Remove Duplicate Registers                                                 ; On                 ; On                 ;
; Ignore CARRY Buffers                                                       ; Off                ; Off                ;
; Ignore CASCADE Buffers                                                     ; Off                ; Off                ;
; Ignore GLOBAL Buffers                                                      ; Off                ; Off                ;
; Ignore ROW GLOBAL Buffers                                                  ; Off                ; Off                ;
; Ignore LCELL Buffers                                                       ; Off                ; Off                ;
; Ignore SOFT Buffers                                                        ; On                 ; On                 ;
; Limit AHDL Integers to 32 Bits                                             ; Off                ; Off                ;
; Optimization Technique                                                     ; Balanced           ; Balanced           ;
; Carry Chain Length                                                         ; 70                 ; 70                 ;
; Auto Carry Chains                                                          ; On                 ; On                 ;
; Auto Open-Drain Pins                                                       ; On                 ; On                 ;
; Perform WYSIWYG Primitive Resynthesis                                      ; Off                ; Off                ;
; Auto ROM Replacement                                                       ; On                 ; On                 ;
; Auto RAM Replacement                                                       ; On                 ; On                 ;
; Auto DSP Block Replacement                                                 ; On                 ; On                 ;
; Auto Shift Register Replacement                                            ; Auto               ; Auto               ;
; Allow Shift Register Merging across Hierarchies                            ; Auto               ; Auto               ;
; Auto Clock Enable Replacement                                              ; On                 ; On                 ;
; Strict RAM Replacement                                                     ; Off                ; Off                ;
; Allow Synchronous Control Signals                                          ; On                 ; On                 ;
; Force Use of Synchronous Clear Signals                                     ; Off                ; Off                ;
; Auto RAM Block Balancing                                                   ; On                 ; On                 ;
; Auto RAM to Logic Cell Conversion                                          ; Off                ; Off                ;
; Auto Resource Sharing                                                      ; Off                ; Off                ;
; Allow Any RAM Size For Recognition                                         ; Off                ; Off                ;
; Allow Any ROM Size For Recognition                                         ; Off                ; Off                ;
; Allow Any Shift Register Size For Recognition                              ; Off                ; Off                ;
; Use LogicLock Constraints during Resource Balancing                        ; On                 ; On                 ;
; Ignore translate_off and synthesis_off directives                          ; Off                ; Off                ;
; Timing-Driven Synthesis                                                    ; On                 ; On                 ;
; Report Parameter Settings                                                  ; On                 ; On                 ;
; Report Source Assignments                                                  ; On                 ; On                 ;
; Report Connectivity Checks                                                 ; On                 ; On                 ;
; Ignore Maximum Fan-Out Assignments                                         ; Off                ; Off                ;
; Synchronization Register Chain Length                                      ; 2                  ; 2                  ;
; PowerPlay Power Optimization                                               ; Normal compilation ; Normal compilation ;
; HDL message level                                                          ; Level2             ; Level2             ;
; Suppress Register Optimization Related Messages                            ; Off                ; Off                ;
; Number of Removed Registers Reported in Synthesis Report                   ; 5000               ; 5000               ;
; Number of Swept Nodes Reported in Synthesis Report                         ; 5000               ; 5000               ;
; Number of Inverted Registers Reported in Synthesis Report                  ; 100                ; 100                ;
; Clock MUX Protection                                                       ; On                 ; On                 ;
; Auto Gated Clock Conversion                                                ; Off                ; Off                ;
; Block Design Naming                                                        ; Auto               ; Auto               ;
; SDC constraint protection                                                  ; Off                ; Off                ;
; Synthesis Effort                                                           ; Auto               ; Auto               ;
; Shift Register Replacement - Allow Asynchronous Clear Signal               ; On                 ; On                 ;
; Pre-Mapping Resynthesis Optimization                                       ; Off                ; Off                ;
; Analysis & Synthesis Message Level                                         ; Medium             ; Medium             ;
; Disable Register Merging Across Hierarchies                                ; Auto               ; Auto               ;
; Resource Aware Inference For Block RAM                                     ; On                 ; On                 ;
; Synthesis Seed                                                             ; 1                  ; 1                  ;
+----------------------------------------------------------------------------+--------------------+--------------------+


+------------------------------------------+
; Parallel Compilation                     ;
+----------------------------+-------------+
; Processors                 ; Number      ;
+----------------------------+-------------+
; Number detected on machine ; 8           ;
; Maximum allowed            ; 4           ;
;                            ;             ;
; Average used               ; 1.00        ;
; Maximum used               ; 2           ;
;                            ;             ;
; Usage by Processor         ; % Time Used ;
;     Processor 1            ; 100.0%      ;
;     Processor 2            ; < 0.1%      ;
;     Processors 3-8         ;   0.0%      ;
+----------------------------+-------------+


+------------------------------------------------------------------------------------------------------------------------------------------+
; Analysis & Synthesis Source Files Read                                                                                                   ;
+----------------------------------+-----------------+-----------------+---------------------------------------------------------+---------+
; File Name with User-Entered Path ; Used in Netlist ; File Type       ; File Name with Absolute Path                            ; Library ;
+----------------------------------+-----------------+-----------------+---------------------------------------------------------+---------+
; sevenSeg_8bit.vhd                ; yes             ; User VHDL File  ; /home/student1/mbhagat/coe608/lab3b/sevenSeg_8bit.vhd   ;         ;
; bit4Adder.vhd                    ; yes             ; User VHDL File  ; /home/student1/mbhagat/coe608/lab3b/bit4Adder.vhd       ;         ;
; fullAdder.vhd                    ; yes             ; User VHDL File  ; /home/student1/mbhagat/coe608/lab3b/fullAdder.vhd       ;         ;
; bit8Adder.vhd                    ; yes             ; User VHDL File  ; /home/student1/mbhagat/coe608/lab3b/bit8Adder.vhd       ;         ;
; bit8Inverse.vhd                  ; yes             ; User VHDL File  ; /home/student1/mbhagat/coe608/lab3b/bit8Inverse.vhd     ;         ;
; bit8And.vhd                      ; yes             ; User VHDL File  ; /home/student1/mbhagat/coe608/lab3b/bit8And.vhd         ;         ;
; bit8Or.vhd                       ; yes             ; User VHDL File  ; /home/student1/mbhagat/coe608/lab3b/bit8Or.vhd          ;         ;
; bit8ROL.vhd                      ; yes             ; User VHDL File  ; /home/student1/mbhagat/coe608/lab3b/bit8ROL.vhd         ;         ;
; bit8ROR.vhd                      ; yes             ; User VHDL File  ; /home/student1/mbhagat/coe608/lab3b/bit8ROR.vhd         ;         ;
; Multiplexer2to1.vhd              ; yes             ; User VHDL File  ; /home/student1/mbhagat/coe608/lab3b/Multiplexer2to1.vhd ;         ;
; Multiplexer8to1.vhd              ; yes             ; User VHDL File  ; /home/student1/mbhagat/coe608/lab3b/Multiplexer8to1.vhd ;         ;
; alu8bit.vhd                      ; yes             ; User VHDL File  ; /home/student1/mbhagat/coe608/lab3b/alu8bit.vhd         ;         ;
; lab3_b.vhd                       ; yes             ; User VHDL File  ; /home/student1/mbhagat/coe608/lab3b/lab3_b.vhd          ;         ;
+----------------------------------+-----------------+-----------------+---------------------------------------------------------+---------+


+------------------------------------------------------------+
; Analysis & Synthesis Resource Usage Summary                ;
+---------------------------------------------+--------------+
; Resource                                    ; Usage        ;
+---------------------------------------------+--------------+
; Estimated Total logic elements              ; 147          ;
;                                             ;              ;
; Total combinational functions               ; 147          ;
; Logic element usage by number of LUT inputs ;              ;
;     -- 4 input functions                    ; 51           ;
;     -- 3 input functions                    ; 75           ;
;     -- <=2 input functions                  ; 21           ;
;                                             ;              ;
; Logic elements by mode                      ;              ;
;     -- normal mode                          ; 129          ;
;     -- arithmetic mode                      ; 18           ;
;                                             ;              ;
; Total registers                             ; 0            ;
;     -- Dedicated logic registers            ; 0            ;
;     -- I/O registers                        ; 0            ;
;                                             ;              ;
; I/O pins                                    ; 101          ;
; Embedded Multiplier 9-bit elements          ; 0            ;
; Maximum fan-out node                        ; SW[10]~input ;
; Maximum fan-out                             ; 24           ;
; Total fan-out                               ; 616          ;
; Average fan-out                             ; 1.77         ;
+---------------------------------------------+--------------+


+--------------------------------------------------------------------------------------------------------------------------------------------------------------------------------------------------------------------------------------+
; Analysis & Synthesis Resource Utilization by Entity                                                                                                                                                                                  ;
+--------------------------------------+-------------------+--------------+-------------+--------------+---------+-----------+------+--------------+--------------------------------------------------------------------+--------------+
; Compilation Hierarchy Node           ; LC Combinationals ; LC Registers ; Memory Bits ; DSP Elements ; DSP 9x9 ; DSP 18x18 ; Pins ; Virtual Pins ; Full Hierarchy Name                                                ; Library Name ;
+--------------------------------------+-------------------+--------------+-------------+--------------+---------+-----------+------+--------------+--------------------------------------------------------------------+--------------+
; |lab3_b                              ; 147 (0)           ; 0 (0)        ; 0           ; 0            ; 0       ; 0         ; 101  ; 0            ; |lab3_b                                                            ; work         ;
;    |alu8bit:the_ALU|                 ; 42 (3)            ; 0 (0)        ; 0           ; 0            ; 0       ; 0         ; 0    ; 0            ; |lab3_b|alu8bit:the_ALU                                            ; work         ;
;       |Multiplexer8to1:mux1|         ; 30 (30)           ; 0 (0)        ; 0           ; 0            ; 0       ; 0         ; 0    ; 0            ; |lab3_b|alu8bit:the_ALU|Multiplexer8to1:mux1                       ; work         ;
;       |bit8Adder:adder1|             ; 9 (0)             ; 0 (0)        ; 0           ; 0            ; 0       ; 0         ; 0    ; 0            ; |lab3_b|alu8bit:the_ALU|bit8Adder:adder1                           ; work         ;
;          |bit4Adder:s1|              ; 5 (0)             ; 0 (0)        ; 0           ; 0            ; 0       ; 0         ; 0    ; 0            ; |lab3_b|alu8bit:the_ALU|bit8Adder:adder1|bit4Adder:s1              ; work         ;
;             |fullAdder:p1|           ; 1 (1)             ; 0 (0)        ; 0           ; 0            ; 0       ; 0         ; 0    ; 0            ; |lab3_b|alu8bit:the_ALU|bit8Adder:adder1|bit4Adder:s1|fullAdder:p1 ; work         ;
;             |fullAdder:p2|           ; 2 (2)             ; 0 (0)        ; 0           ; 0            ; 0       ; 0         ; 0    ; 0            ; |lab3_b|alu8bit:the_ALU|bit8Adder:adder1|bit4Adder:s1|fullAdder:p2 ; work         ;
;             |fullAdder:p3|           ; 1 (1)             ; 0 (0)        ; 0           ; 0            ; 0       ; 0         ; 0    ; 0            ; |lab3_b|alu8bit:the_ALU|bit8Adder:adder1|bit4Adder:s1|fullAdder:p3 ; work         ;
;             |fullAdder:p4|           ; 1 (1)             ; 0 (0)        ; 0           ; 0            ; 0       ; 0         ; 0    ; 0            ; |lab3_b|alu8bit:the_ALU|bit8Adder:adder1|bit4Adder:s1|fullAdder:p4 ; work         ;
;          |bit4Adder:s2|              ; 4 (0)             ; 0 (0)        ; 0           ; 0            ; 0       ; 0         ; 0    ; 0            ; |lab3_b|alu8bit:the_ALU|bit8Adder:adder1|bit4Adder:s2              ; work         ;
;             |fullAdder:p1|           ; 1 (1)             ; 0 (0)        ; 0           ; 0            ; 0       ; 0         ; 0    ; 0            ; |lab3_b|alu8bit:the_ALU|bit8Adder:adder1|bit4Adder:s2|fullAdder:p1 ; work         ;
;             |fullAdder:p2|           ; 1 (1)             ; 0 (0)        ; 0           ; 0            ; 0       ; 0         ; 0    ; 0            ; |lab3_b|alu8bit:the_ALU|bit8Adder:adder1|bit4Adder:s2|fullAdder:p2 ; work         ;
;             |fullAdder:p3|           ; 1 (1)             ; 0 (0)        ; 0           ; 0            ; 0       ; 0         ; 0    ; 0            ; |lab3_b|alu8bit:the_ALU|bit8Adder:adder1|bit4Adder:s2|fullAdder:p3 ; work         ;
;             |fullAdder:p4|           ; 1 (1)             ; 0 (0)        ; 0           ; 0            ; 0       ; 0         ; 0    ; 0            ; |lab3_b|alu8bit:the_ALU|bit8Adder:adder1|bit4Adder:s2|fullAdder:p4 ; work         ;
;    |sevenSeg_8bit:sevSeg_driver_ALU| ; 35 (35)           ; 0 (0)        ; 0           ; 0            ; 0       ; 0         ; 0    ; 0            ; |lab3_b|sevenSeg_8bit:sevSeg_driver_ALU                            ; work         ;
;    |sevenSeg_8bit:sevSeg_driver_A|   ; 35 (35)           ; 0 (0)        ; 0           ; 0            ; 0       ; 0         ; 0    ; 0            ; |lab3_b|sevenSeg_8bit:sevSeg_driver_A                              ; work         ;
;    |sevenSeg_8bit:sevSeg_driver_B|   ; 35 (35)           ; 0 (0)        ; 0           ; 0            ; 0       ; 0         ; 0    ; 0            ; |lab3_b|sevenSeg_8bit:sevSeg_driver_B                              ; work         ;
+--------------------------------------+-------------------+--------------+-------------+--------------+---------+-----------+------+--------------+--------------------------------------------------------------------+--------------+
Note: For table entries with two numbers listed, the numbers in parentheses indicate the number of resources of the given type used by the specific entity alone. The numbers listed outside of parentheses indicate the total resources of the given type used by the specific entity and all of its sub-entities in the hierarchy.


+--------------------------------------------------------------------------------------------------------------------------+
; User-Specified and Inferred Latches                                                                                      ;
+-----------------------------------------------------+-------------------------------------------+------------------------+
; Latch Name                                          ; Latch Enable Signal                       ; Free of Timing Hazards ;
+-----------------------------------------------------+-------------------------------------------+------------------------+
; sevenSeg_8bit:sevSeg_driver_ALU|numVal2[0]          ; alu8bit:the_ALU|Multiplexer8to1:mux1|f[7] ; yes                    ;
; sevenSeg_8bit:sevSeg_driver_ALU|numVal2[1]          ; alu8bit:the_ALU|Multiplexer8to1:mux1|f[7] ; yes                    ;
; sevenSeg_8bit:sevSeg_driver_ALU|numVal2[2]          ; alu8bit:the_ALU|Multiplexer8to1:mux1|f[7] ; yes                    ;
; sevenSeg_8bit:sevSeg_driver_ALU|numVal2[3]          ; alu8bit:the_ALU|Multiplexer8to1:mux1|f[7] ; yes                    ;
; sevenSeg_8bit:sevSeg_driver_ALU|numVal2[5]          ; alu8bit:the_ALU|Multiplexer8to1:mux1|f[7] ; yes                    ;
; sevenSeg_8bit:sevSeg_driver_ALU|numVal2[6]          ; alu8bit:the_ALU|Multiplexer8to1:mux1|f[7] ; yes                    ;
; sevenSeg_8bit:sevSeg_driver_ALU|numVal2[4]          ; alu8bit:the_ALU|Multiplexer8to1:mux1|f[7] ; yes                    ;
; sevenSeg_8bit:sevSeg_driver_B|numVal2[0]            ; SW[10]                                    ; yes                    ;
; sevenSeg_8bit:sevSeg_driver_B|numVal2[1]            ; SW[10]                                    ; yes                    ;
; sevenSeg_8bit:sevSeg_driver_B|numVal2[2]            ; SW[10]                                    ; yes                    ;
; sevenSeg_8bit:sevSeg_driver_B|numVal2[3]            ; SW[10]                                    ; yes                    ;
; sevenSeg_8bit:sevSeg_driver_B|numVal2[5]            ; SW[10]                                    ; yes                    ;
; sevenSeg_8bit:sevSeg_driver_B|numVal2[6]            ; SW[10]                                    ; yes                    ;
; sevenSeg_8bit:sevSeg_driver_B|numVal2[4]            ; SW[10]                                    ; yes                    ;
; sevenSeg_8bit:sevSeg_driver_A|numVal2[0]            ; SW[17]                                    ; yes                    ;
; sevenSeg_8bit:sevSeg_driver_A|numVal2[1]            ; SW[17]                                    ; yes                    ;
; sevenSeg_8bit:sevSeg_driver_A|numVal2[2]            ; SW[17]                                    ; yes                    ;
; sevenSeg_8bit:sevSeg_driver_A|numVal2[3]            ; SW[17]                                    ; yes                    ;
; sevenSeg_8bit:sevSeg_driver_A|numVal2[5]            ; SW[17]                                    ; yes                    ;
; sevenSeg_8bit:sevSeg_driver_A|numVal2[6]            ; SW[17]                                    ; yes                    ;
; sevenSeg_8bit:sevSeg_driver_A|numVal2[4]            ; SW[17]                                    ; yes                    ;
; Number of user-specified and inferred latches = 21  ;                                           ;                        ;
+-----------------------------------------------------+-------------------------------------------+------------------------+
Note: All latches listed above may not be present at the end of synthesis due to various synthesis optimizations.


+------------------------------------------------------+
; General Register Statistics                          ;
+----------------------------------------------+-------+
; Statistic                                    ; Value ;
+----------------------------------------------+-------+
; Total registers                              ; 0     ;
; Number of registers using Synchronous Clear  ; 0     ;
; Number of registers using Synchronous Load   ; 0     ;
; Number of registers using Asynchronous Clear ; 0     ;
; Number of registers using Asynchronous Load  ; 0     ;
; Number of registers using Clock Enable       ; 0     ;
; Number of registers using Preset             ; 0     ;
+----------------------------------------------+-------+


+-----------------------------------------------------------------------------------------------------------------------------------------------------------------+
; Multiplexer Restructuring Statistics (Restructuring Performed)                                                                                                  ;
+--------------------+-----------+---------------+----------------------+------------------------+------------+---------------------------------------------------+
; Multiplexer Inputs ; Bus Width ; Baseline Area ; Area if Restructured ; Saving if Restructured ; Registered ; Example Multiplexer Output                        ;
+--------------------+-----------+---------------+----------------------+------------------------+------------+---------------------------------------------------+
; 6:1                ; 6 bits    ; 24 LEs        ; 18 LEs               ; 6 LEs                  ; No         ; |lab3_b|alu8bit:the_ALU|Multiplexer8to1:mux1|Mux3 ;
+--------------------+-----------+---------------+----------------------+------------------------+------------+---------------------------------------------------+


+-----------------------------------------------------+
; Post-Synthesis Netlist Statistics for Top Partition ;
+-----------------------+-----------------------------+
; Type                  ; Count                       ;
+-----------------------+-----------------------------+
; boundary_port         ; 101                         ;
; cycloneiii_lcell_comb ; 153                         ;
;     arith             ; 18                          ;
;         2 data inputs ; 18                          ;
;     normal            ; 135                         ;
;         0 data inputs ; 2                           ;
;         1 data inputs ; 7                           ;
;         3 data inputs ; 75                          ;
;         4 data inputs ; 51                          ;
;                       ;                             ;
; Max LUT depth         ; 13.00                       ;
; Average LUT depth     ; 5.84                        ;
+-----------------------+-----------------------------+


+-------------------------------+
; Elapsed Time Per Partition    ;
+----------------+--------------+
; Partition Name ; Elapsed Time ;
+----------------+--------------+
; Top            ; 00:00:01     ;
+----------------+--------------+


+-------------------------------+
; Analysis & Synthesis Messages ;
+-------------------------------+
Info: *******************************************************************
Info: Running Quartus II 64-Bit Analysis & Synthesis
    Info: Version 14.0.2 Build 209 09/17/2014 SJ Full Version
    Info: Processing started: Wed Feb 14 09:04:44 2018
Info: Command: quartus_map --read_settings_files=on --write_settings_files=off lab3b -c lab3b
Info (11104): Parallel Compilation has detected 8 hyper-threaded processors. However, the extra hyper-threaded processors will not be used by default. Parallel Compilation will use 4 of the 4 physical processors detected instead.
Info (12021): Found 2 design units, including 1 entities, in source file sevenSeg_8bit.vhd
    Info (12022): Found design unit 1: sevenSeg_8bit-behaviour
    Info (12023): Found entity 1: sevenSeg_8bit
Info (12021): Found 2 design units, including 1 entities, in source file bit4Adder.vhd
    Info (12022): Found design unit 1: bit4Adder-description
    Info (12023): Found entity 1: bit4Adder
Info (12021): Found 2 design units, including 1 entities, in source file fullAdder.vhd
    Info (12022): Found design unit 1: fullAdder-description
    Info (12023): Found entity 1: fullAdder
Info (12021): Found 2 design units, including 1 entities, in source file bit8Adder.vhd
    Info (12022): Found design unit 1: bit8Adder-description
    Info (12023): Found entity 1: bit8Adder
Info (12021): Found 2 design units, including 1 entities, in source file bit8Inverse.vhd
    Info (12022): Found design unit 1: bit8Inverse-behaviour
    Info (12023): Found entity 1: bit8Inverse
Info (12021): Found 2 design units, including 1 entities, in source file bit8And.vhd
    Info (12022): Found design unit 1: bit8And-behaviour
    Info (12023): Found entity 1: bit8And
Info (12021): Found 2 design units, including 1 entities, in source file bit8Or.vhd
    Info (12022): Found design unit 1: bit8Or-behaviour
    Info (12023): Found entity 1: bit8Or
Info (12021): Found 2 design units, including 1 entities, in source file bit8ROL.vhd
    Info (12022): Found design unit 1: bit8ROL-behaviour
    Info (12023): Found entity 1: bit8ROL
Info (12021): Found 2 design units, including 1 entities, in source file bit8ROR.vhd
    Info (12022): Found design unit 1: bit8ROR-behaviour
    Info (12023): Found entity 1: bit8ROR
Info (12021): Found 2 design units, including 1 entities, in source file Multiplexer2to1.vhd
    Info (12022): Found design unit 1: Multiplexer2to1-Behavior
    Info (12023): Found entity 1: Multiplexer2to1
Info (12021): Found 2 design units, including 1 entities, in source file Multiplexer8to1.vhd
    Info (12022): Found design unit 1: Multiplexer8to1-Behavior
    Info (12023): Found entity 1: Multiplexer8to1
Info (12021): Found 2 design units, including 1 entities, in source file alu8bit.vhd
    Info (12022): Found design unit 1: alu8bit-description
    Info (12023): Found entity 1: alu8bit
Info (12021): Found 2 design units, including 1 entities, in source file lab3_b.vhd
    Info (12022): Found design unit 1: lab3_b-behavior
    Info (12023): Found entity 1: lab3_b
Info (12127): Elaborating entity "lab3_b" for the top level hierarchy
Warning (10873): Using initial value X (don't care) for net "LEDG[8..2]" at lab3_b.vhd(20)
Warning (10873): Using initial value X (don't care) for net "LEDR[17]" at lab3_b.vhd(22)
Warning (10873): Using initial value X (don't care) for net "LEDR[15..14]" at lab3_b.vhd(22)
Warning (10873): Using initial value X (don't care) for net "LEDR[12..0]" at lab3_b.vhd(22)
Info (12128): Elaborating entity "sevenSeg_8bit" for hierarchy "sevenSeg_8bit:sevSeg_driver_A"
Warning (10492): VHDL Process Statement warning at sevenSeg_8bit.vhd(46): signal "numVal" is read inside the Process Statement but isn't in the Process Statement's sensitivity list
Warning (10492): VHDL Process Statement warning at sevenSeg_8bit.vhd(47): signal "numVal2" is read inside the Process Statement but isn't in the Process Statement's sensitivity list
Warning (10492): VHDL Process Statement warning at sevenSeg_8bit.vhd(48): signal "numVal2" is read inside the Process Statement but isn't in the Process Statement's sensitivity list
Warning (10492): VHDL Process Statement warning at sevenSeg_8bit.vhd(50): signal "numVal" is read inside the Process Statement but isn't in the Process Statement's sensitivity list
Warning (10492): VHDL Process Statement warning at sevenSeg_8bit.vhd(51): signal "numVal" is read inside the Process Statement but isn't in the Process Statement's sensitivity list
Warning (10631): VHDL Process Statement warning at sevenSeg_8bit.vhd(42): inferring latch(es) for signal or variable "numVal2", which holds its previous value in one or more paths through the process
Info (10041): Inferred latch for "numVal2[0]" at sevenSeg_8bit.vhd(42)
Info (10041): Inferred latch for "numVal2[1]" at sevenSeg_8bit.vhd(42)
Info (10041): Inferred latch for "numVal2[2]" at sevenSeg_8bit.vhd(42)
Info (10041): Inferred latch for "numVal2[3]" at sevenSeg_8bit.vhd(42)
Info (10041): Inferred latch for "numVal2[4]" at sevenSeg_8bit.vhd(42)
Info (10041): Inferred latch for "numVal2[5]" at sevenSeg_8bit.vhd(42)
Info (10041): Inferred latch for "numVal2[6]" at sevenSeg_8bit.vhd(42)
Info (12128): Elaborating entity "alu8bit" for hierarchy "alu8bit:the_ALU"
Info (12128): Elaborating entity "Multiplexer8to1" for hierarchy "alu8bit:the_ALU|Multiplexer8to1:mux1"
Info (12128): Elaborating entity "bit8Adder" for hierarchy "alu8bit:the_ALU|bit8Adder:adder1"
Info (12128): Elaborating entity "bit4Adder" for hierarchy "alu8bit:the_ALU|bit8Adder:adder1|bit4Adder:s1"
Info (12128): Elaborating entity "fullAdder" for hierarchy "alu8bit:the_ALU|bit8Adder:adder1|bit4Adder:s1|fullAdder:p1"
Info (12128): Elaborating entity "bit8And" for hierarchy "alu8bit:the_ALU|bit8And:and1"
Info (12128): Elaborating entity "bit8Or" for hierarchy "alu8bit:the_ALU|bit8Or:or1"
Info (12128): Elaborating entity "bit8ROR" for hierarchy "alu8bit:the_ALU|bit8ROR:lsr1"
Info (12128): Elaborating entity "bit8ROL" for hierarchy "alu8bit:the_ALU|bit8ROL:lsl1"
Info (12128): Elaborating entity "Multiplexer2to1" for hierarchy "alu8bit:the_ALU|Multiplexer2to1:negMux"
Info (12128): Elaborating entity "bit8Inverse" for hierarchy "alu8bit:the_ALU|bit8Inverse:notber"
Warning (13046): Tri-state node(s) do not directly drive top-level pin(s)
    Warning (13049): Converted tri-state buffer "alu8bit:the_ALU|Multiplexer8to1:mux1|f[0]" feeding internal logic into a wire
    Warning (13049): Converted tri-state buffer "alu8bit:the_ALU|Multiplexer8to1:mux1|f[1]" feeding internal logic into a wire
    Warning (13049): Converted tri-state buffer "alu8bit:the_ALU|Multiplexer8to1:mux1|f[2]" feeding internal logic into a wire
    Warning (13049): Converted tri-state buffer "alu8bit:the_ALU|Multiplexer8to1:mux1|f[3]" feeding internal logic into a wire
    Warning (13049): Converted tri-state buffer "alu8bit:the_ALU|Multiplexer8to1:mux1|f[4]" feeding internal logic into a wire
    Warning (13049): Converted tri-state buffer "alu8bit:the_ALU|Multiplexer8to1:mux1|f[5]" feeding internal logic into a wire
    Warning (13049): Converted tri-state buffer "alu8bit:the_ALU|Multiplexer8to1:mux1|f[6]" feeding internal logic into a wire
Warning (13046): Tri-state node(s) do not directly drive top-level pin(s)
    Warning (13047): Converted the fan-out from the tri-state buffer "alu8bit:the_ALU|Multiplexer8to1:mux1|f[7]" to the node "HEX2[6]" into an OR gate
    Warning (13047): Converted the fan-out from the tri-state buffer "alu8bit:the_ALU|Multiplexer8to1:mux1|f[7]" to the node "sevenSeg_8bit:sevSeg_driver_ALU|numVal2[0]" into an OR gate
Warning (13012): Latch sevenSeg_8bit:sevSeg_driver_ALU|numVal2[0] has unsafe behavior
    Warning (13013): Ports D and ENA on the latch are fed by the same signal SW[1]
Warning (13024): Output pins are stuck at VCC or GND
    Warning (13410): Pin "HEX2[0]" is stuck at VCC
    Warning (13410): Pin "HEX2[1]" is stuck at VCC
    Warning (13410): Pin "HEX2[2]" is stuck at VCC
    Warning (13410): Pin "HEX2[3]" is stuck at VCC
    Warning (13410): Pin "HEX2[4]" is stuck at VCC
    Warning (13410): Pin "HEX2[5]" is stuck at VCC
    Warning (13410): Pin "HEX3[0]" is stuck at VCC
    Warning (13410): Pin "HEX3[1]" is stuck at VCC
    Warning (13410): Pin "HEX3[2]" is stuck at VCC
    Warning (13410): Pin "HEX3[3]" is stuck at VCC
    Warning (13410): Pin "HEX3[4]" is stuck at VCC
    Warning (13410): Pin "HEX3[5]" is stuck at VCC
    Warning (13410): Pin "HEX3[6]" is stuck at VCC
    Warning (13410): Pin "LEDG[2]" is stuck at GND
    Warning (13410): Pin "LEDG[3]" is stuck at GND
    Warning (13410): Pin "LEDG[4]" is stuck at GND
    Warning (13410): Pin "LEDG[5]" is stuck at GND
    Warning (13410): Pin "LEDG[6]" is stuck at GND
    Warning (13410): Pin "LEDG[7]" is stuck at GND
    Warning (13410): Pin "LEDG[8]" is stuck at GND
    Warning (13410): Pin "LEDR[0]" is stuck at GND
    Warning (13410): Pin "LEDR[1]" is stuck at GND
    Warning (13410): Pin "LEDR[2]" is stuck at GND
    Warning (13410): Pin "LEDR[3]" is stuck at GND
    Warning (13410): Pin "LEDR[4]" is stuck at GND
    Warning (13410): Pin "LEDR[5]" is stuck at GND
    Warning (13410): Pin "LEDR[6]" is stuck at GND
    Warning (13410): Pin "LEDR[7]" is stuck at GND
    Warning (13410): Pin "LEDR[8]" is stuck at GND
    Warning (13410): Pin "LEDR[9]" is stuck at GND
    Warning (13410): Pin "LEDR[10]" is stuck at GND
    Warning (13410): Pin "LEDR[11]" is stuck at GND
    Warning (13410): Pin "LEDR[12]" is stuck at GND
    Warning (13410): Pin "LEDR[14]" is stuck at GND
    Warning (13410): Pin "LEDR[15]" is stuck at GND
    Warning (13410): Pin "LEDR[17]" is stuck at GND
Info (286030): Timing-Driven Synthesis is running
Info (16010): Generating hard_block partition "hard_block:auto_generated_inst"
    Info (16011): Adding 0 node(s), including 0 DDIO, 0 PLL, 0 transceiver and 0 LCELL
Info (21057): Implemented 248 device resources after synthesis - the final resource count might be different
    Info (21058): Implemented 18 input pins
    Info (21059): Implemented 83 output pins
    Info (21061): Implemented 147 logic cells
Info: Quartus II 64-Bit Analysis & Synthesis was successful. 0 errors, 60 warnings
    Info: Peak virtual memory: 958 megabytes
    Info: Processing ended: Wed Feb 14 09:04:48 2018
    Info: Elapsed time: 00:00:04
    Info: Total CPU time (on all processors): 00:00:02


