Analysis & Synthesis report for lab4b
Thu Mar 22 17:05:17 2018
Quartus II 32-bit Version 13.1.0 Build 162 10/23/2013 SJ Full Version


---------------------
; Table of Contents ;
---------------------
  1. Legal Notice
  2. Analysis & Synthesis Summary
  3. Analysis & Synthesis Settings
  4. Parallel Compilation
  5. Analysis & Synthesis Source Files Read
  6. Analysis & Synthesis Resource Usage Summary
  7. Analysis & Synthesis Resource Utilization by Entity
  8. Analysis & Synthesis RAM Summary
  9. General Register Statistics
 10. Multiplexer Restructuring Statistics (Restructuring Performed)
 11. Source assignments for data_mem:Data_Memory_Module|altsyncram:Memory_rtl_0|altsyncram_hie1:auto_generated
 12. Parameter Settings for Inferred Entity Instance: data_mem:Data_Memory_Module|altsyncram:Memory_rtl_0
 13. altsyncram Parameter Settings by Entity Instance
 14. Port Connectivity Checks: "Multiplexer4to1:im_mux2_component"
 15. Port Connectivity Checks: "Multiplexer4to1:mux_data"
 16. Elapsed Time Per Partition
 17. Analysis & Synthesis Messages



----------------
; Legal Notice ;
----------------
Copyright (C) 1991-2013 Altera Corporation
Your use of Altera Corporation's design tools, logic functions 
and other software and tools, and its AMPP partner logic 
functions, and any output files from any of the foregoing 
(including device programming or simulation files), and any 
associated documentation or information are expressly subject 
to the terms and conditions of the Altera Program License 
Subscription Agreement, Altera MegaCore Function License 
Agreement, or other applicable license agreement, including, 
without limitation, that your use is for the sole purpose of 
programming logic devices manufactured by Altera and sold by 
Altera or its authorized distributors.  Please refer to the 
applicable agreement for further details.



+----------------------------------------------------------------------------------+
; Analysis & Synthesis Summary                                                     ;
+------------------------------------+---------------------------------------------+
; Analysis & Synthesis Status        ; Successful - Thu Mar 22 17:05:16 2018       ;
; Quartus II 32-bit Version          ; 13.1.0 Build 162 10/23/2013 SJ Full Version ;
; Revision Name                      ; lab4b                                       ;
; Top-level Entity Name              ; datapath                                    ;
; Family                             ; Cyclone IV E                                ;
; Total logic elements               ; 515                                         ;
;     Total combinational functions  ; 514                                         ;
;     Dedicated logic registers      ; 193                                         ;
; Total registers                    ; 193                                         ;
; Total pins                         ; 326                                         ;
; Total virtual pins                 ; 0                                           ;
; Total memory bits                  ; 8,192                                       ;
; Embedded Multiplier 9-bit elements ; 0                                           ;
; Total PLLs                         ; 0                                           ;
+------------------------------------+---------------------------------------------+


+----------------------------------------------------------------------------------------------------------------------+
; Analysis & Synthesis Settings                                                                                        ;
+----------------------------------------------------------------------------+--------------------+--------------------+
; Option                                                                     ; Setting            ; Default Value      ;
+----------------------------------------------------------------------------+--------------------+--------------------+
; Device                                                                     ; EP4CE115F29C7      ;                    ;
; Top-level entity name                                                      ; datapath           ; lab4b              ;
; Family name                                                                ; Cyclone IV E       ; Cyclone IV GX      ;
; Use smart compilation                                                      ; Off                ; Off                ;
; Enable parallel Assembler and TimeQuest Timing Analyzer during compilation ; On                 ; On                 ;
; Enable compact report table                                                ; Off                ; Off                ;
; Restructure Multiplexers                                                   ; Auto               ; Auto               ;
; Create Debugging Nodes for IP Cores                                        ; Off                ; Off                ;
; Preserve fewer node names                                                  ; On                 ; On                 ;
; Disable OpenCore Plus hardware evaluation                                  ; Off                ; Off                ;
; Verilog Version                                                            ; Verilog_2001       ; Verilog_2001       ;
; VHDL Version                                                               ; VHDL_1993          ; VHDL_1993          ;
; State Machine Processing                                                   ; Auto               ; Auto               ;
; Safe State Machine                                                         ; Off                ; Off                ;
; Extract Verilog State Machines                                             ; On                 ; On                 ;
; Extract VHDL State Machines                                                ; On                 ; On                 ;
; Ignore Verilog initial constructs                                          ; Off                ; Off                ;
; Iteration limit for constant Verilog loops                                 ; 5000               ; 5000               ;
; Iteration limit for non-constant Verilog loops                             ; 250                ; 250                ;
; Add Pass-Through Logic to Inferred RAMs                                    ; On                 ; On                 ;
; Infer RAMs from Raw Logic                                                  ; On                 ; On                 ;
; Parallel Synthesis                                                         ; On                 ; On                 ;
; DSP Block Balancing                                                        ; Auto               ; Auto               ;
; NOT Gate Push-Back                                                         ; On                 ; On                 ;
; Power-Up Don't Care                                                        ; On                 ; On                 ;
; Remove Redundant Logic Cells                                               ; Off                ; Off                ;
; Remove Duplicate Registers                                                 ; On                 ; On                 ;
; Ignore CARRY Buffers                                                       ; Off                ; Off                ;
; Ignore CASCADE Buffers                                                     ; Off                ; Off                ;
; Ignore GLOBAL Buffers                                                      ; Off                ; Off                ;
; Ignore ROW GLOBAL Buffers                                                  ; Off                ; Off                ;
; Ignore LCELL Buffers                                                       ; Off                ; Off                ;
; Ignore SOFT Buffers                                                        ; On                 ; On                 ;
; Limit AHDL Integers to 32 Bits                                             ; Off                ; Off                ;
; Optimization Technique                                                     ; Balanced           ; Balanced           ;
; Carry Chain Length                                                         ; 70                 ; 70                 ;
; Auto Carry Chains                                                          ; On                 ; On                 ;
; Auto Open-Drain Pins                                                       ; On                 ; On                 ;
; Perform WYSIWYG Primitive Resynthesis                                      ; Off                ; Off                ;
; Auto ROM Replacement                                                       ; On                 ; On                 ;
; Auto RAM Replacement                                                       ; On                 ; On                 ;
; Auto DSP Block Replacement                                                 ; On                 ; On                 ;
; Auto Shift Register Replacement                                            ; Auto               ; Auto               ;
; Allow Shift Register Merging across Hierarchies                            ; Auto               ; Auto               ;
; Auto Clock Enable Replacement                                              ; On                 ; On                 ;
; Strict RAM Replacement                                                     ; Off                ; Off                ;
; Allow Synchronous Control Signals                                          ; On                 ; On                 ;
; Force Use of Synchronous Clear Signals                                     ; Off                ; Off                ;
; Auto RAM Block Balancing                                                   ; On                 ; On                 ;
; Auto RAM to Logic Cell Conversion                                          ; Off                ; Off                ;
; Auto Resource Sharing                                                      ; Off                ; Off                ;
; Allow Any RAM Size For Recognition                                         ; Off                ; Off                ;
; Allow Any ROM Size For Recognition                                         ; Off                ; Off                ;
; Allow Any Shift Register Size For Recognition                              ; Off                ; Off                ;
; Use LogicLock Constraints during Resource Balancing                        ; On                 ; On                 ;
; Ignore translate_off and synthesis_off directives                          ; Off                ; Off                ;
; Timing-Driven Synthesis                                                    ; On                 ; On                 ;
; Report Parameter Settings                                                  ; On                 ; On                 ;
; Report Source Assignments                                                  ; On                 ; On                 ;
; Report Connectivity Checks                                                 ; On                 ; On                 ;
; Ignore Maximum Fan-Out Assignments                                         ; Off                ; Off                ;
; Synchronization Register Chain Length                                      ; 2                  ; 2                  ;
; PowerPlay Power Optimization                                               ; Normal compilation ; Normal compilation ;
; HDL message level                                                          ; Level2             ; Level2             ;
; Suppress Register Optimization Related Messages                            ; Off                ; Off                ;
; Number of Removed Registers Reported in Synthesis Report                   ; 5000               ; 5000               ;
; Number of Swept Nodes Reported in Synthesis Report                         ; 5000               ; 5000               ;
; Number of Inverted Registers Reported in Synthesis Report                  ; 100                ; 100                ;
; Clock MUX Protection                                                       ; On                 ; On                 ;
; Auto Gated Clock Conversion                                                ; Off                ; Off                ;
; Block Design Naming                                                        ; Auto               ; Auto               ;
; SDC constraint protection                                                  ; Off                ; Off                ;
; Synthesis Effort                                                           ; Auto               ; Auto               ;
; Shift Register Replacement - Allow Asynchronous Clear Signal               ; On                 ; On                 ;
; Pre-Mapping Resynthesis Optimization                                       ; Off                ; Off                ;
; Analysis & Synthesis Message Level                                         ; Medium             ; Medium             ;
; Disable Register Merging Across Hierarchies                                ; Auto               ; Auto               ;
; Resource Aware Inference For Block RAM                                     ; On                 ; On                 ;
; Synthesis Seed                                                             ; 1                  ; 1                  ;
+----------------------------------------------------------------------------+--------------------+--------------------+


+------------------------------------------+
; Parallel Compilation                     ;
+----------------------------+-------------+
; Processors                 ; Number      ;
+----------------------------+-------------+
; Number detected on machine ; 8           ;
; Maximum allowed            ; 4           ;
;                            ;             ;
; Average used               ; 1.00        ;
; Maximum used               ; 1           ;
;                            ;             ;
; Usage by Processor         ; % Time Used ;
;     Processor 1            ; 100.0%      ;
;     Processors 2-8         ;   0.0%      ;
+----------------------------+-------------+


+----------------------------------------------------------------------------------------------------------------------------------------------------------------------------+
; Analysis & Synthesis Source Files Read                                                                                                                                     ;
+----------------------------------+-----------------+------------------------------+------------------------------------------------------------------------------+---------+
; File Name with User-Entered Path ; Used in Netlist ; File Type                    ; File Name with Absolute Path                                                 ; Library ;
+----------------------------------+-----------------+------------------------------+------------------------------------------------------------------------------+---------+
; ../lab3/Multiplexer8to1.vhd      ; yes             ; User VHDL File               ; /home/student1/mbhagat/coe608/lab3/Multiplexer8to1.vhd                       ;         ;
; ../lab3/fullAdder.vhd            ; yes             ; User VHDL File               ; /home/student1/mbhagat/coe608/lab3/fullAdder.vhd                             ;         ;
; ../lab3/bit32ROR.vhd             ; yes             ; User VHDL File               ; /home/student1/mbhagat/coe608/lab3/bit32ROR.vhd                              ;         ;
; ../lab3/bit32ROL.vhd             ; yes             ; User VHDL File               ; /home/student1/mbhagat/coe608/lab3/bit32ROL.vhd                              ;         ;
; ../lab3/bit32Or.vhd              ; yes             ; User VHDL File               ; /home/student1/mbhagat/coe608/lab3/bit32Or.vhd                               ;         ;
; ../lab3/bit32Inverse.vhd         ; yes             ; User VHDL File               ; /home/student1/mbhagat/coe608/lab3/bit32Inverse.vhd                          ;         ;
; ../lab3/bit32And.vhd             ; yes             ; User VHDL File               ; /home/student1/mbhagat/coe608/lab3/bit32And.vhd                              ;         ;
; ../lab3/bit32adder.vhd           ; yes             ; User VHDL File               ; /home/student1/mbhagat/coe608/lab3/bit32adder.vhd                            ;         ;
; ../lab3/bit4Adder.vhd            ; yes             ; User VHDL File               ; /home/student1/mbhagat/coe608/lab3/bit4Adder.vhd                             ;         ;
; ../lab3/Multiplexer2to1.vhd      ; yes             ; User VHDL File               ; /home/student1/mbhagat/coe608/lab3/Multiplexer2to1.vhd                       ;         ;
; ../lab4a/data_mem.vhd            ; yes             ; User VHDL File               ; /home/student1/mbhagat/coe608/lab4a/data_mem.vhd                             ;         ;
; ../lab2/register32.vhd           ; yes             ; User VHDL File               ; /home/student1/mbhagat/coe608/lab2/register32.vhd                            ;         ;
; ../lab2/pc.vhd                   ; yes             ; User VHDL File               ; /home/student1/mbhagat/coe608/lab2/pc.vhd                                    ;         ;
; ../lab3/alu.vhd                  ; yes             ; User VHDL File               ; /home/student1/mbhagat/coe608/lab3/alu.vhd                                   ;         ;
; lze.vhd                          ; yes             ; User VHDL File               ; /home/student1/mbhagat/coe608/lab4b/lze.vhd                                  ;         ;
; uze.vhd                          ; yes             ; User VHDL File               ; /home/student1/mbhagat/coe608/lab4b/uze.vhd                                  ;         ;
; reducer.vhd                      ; yes             ; User VHDL File               ; /home/student1/mbhagat/coe608/lab4b/reducer.vhd                              ;         ;
; datapath.vhd                     ; yes             ; User VHDL File               ; /home/student1/mbhagat/coe608/lab4b/datapath.vhd                             ;         ;
; Multiplexer4to1.vhd              ; yes             ; User VHDL File               ; /home/student1/mbhagat/coe608/lab4b/Multiplexer4to1.vhd                      ;         ;
; altsyncram.tdf                   ; yes             ; Megafunction                 ; /CMC/tools/altera/13.1/quartus/libraries/megafunctions/altsyncram.tdf        ;         ;
; stratix_ram_block.inc            ; yes             ; Megafunction                 ; /CMC/tools/altera/13.1/quartus/libraries/megafunctions/stratix_ram_block.inc ;         ;
; lpm_mux.inc                      ; yes             ; Megafunction                 ; /CMC/tools/altera/13.1/quartus/libraries/megafunctions/lpm_mux.inc           ;         ;
; lpm_decode.inc                   ; yes             ; Megafunction                 ; /CMC/tools/altera/13.1/quartus/libraries/megafunctions/lpm_decode.inc        ;         ;
; aglobal131.inc                   ; yes             ; Megafunction                 ; /CMC/tools/altera/13.1/quartus/libraries/megafunctions/aglobal131.inc        ;         ;
; a_rdenreg.inc                    ; yes             ; Megafunction                 ; /CMC/tools/altera/13.1/quartus/libraries/megafunctions/a_rdenreg.inc         ;         ;
; altrom.inc                       ; yes             ; Megafunction                 ; /CMC/tools/altera/13.1/quartus/libraries/megafunctions/altrom.inc            ;         ;
; altram.inc                       ; yes             ; Megafunction                 ; /CMC/tools/altera/13.1/quartus/libraries/megafunctions/altram.inc            ;         ;
; altdpram.inc                     ; yes             ; Megafunction                 ; /CMC/tools/altera/13.1/quartus/libraries/megafunctions/altdpram.inc          ;         ;
; db/altsyncram_hie1.tdf           ; yes             ; Auto-Generated Megafunction  ; /home/student1/mbhagat/coe608/lab4b/db/altsyncram_hie1.tdf                   ;         ;
+----------------------------------+-----------------+------------------------------+------------------------------------------------------------------------------+---------+


+---------------------------------------------------------+
; Analysis & Synthesis Resource Usage Summary             ;
+---------------------------------------------+-----------+
; Resource                                    ; Usage     ;
+---------------------------------------------+-----------+
; Estimated Total logic elements              ; 515       ;
;                                             ;           ;
; Total combinational functions               ; 514       ;
; Logic element usage by number of LUT inputs ;           ;
;     -- 4 input functions                    ; 302       ;
;     -- 3 input functions                    ; 157       ;
;     -- <=2 input functions                  ; 55        ;
;                                             ;           ;
; Logic elements by mode                      ;           ;
;     -- normal mode                          ; 485       ;
;     -- arithmetic mode                      ; 29        ;
;                                             ;           ;
; Total registers                             ; 193       ;
;     -- Dedicated logic registers            ; 193       ;
;     -- I/O registers                        ; 0         ;
;                                             ;           ;
; I/O pins                                    ; 326       ;
; Total memory bits                           ; 8192      ;
; Embedded Multiplier 9-bit elements          ; 0         ;
; Maximum fan-out node                        ; Clk~input ;
; Maximum fan-out                             ; 161       ;
; Total fan-out                               ; 3723      ;
; Average fan-out                             ; 2.68      ;
+---------------------------------------------+-----------+


+------------------------------------------------------------------------------------------------------------------------------------------------------------------------------------------------------------------------------------------------------------------------+
; Analysis & Synthesis Resource Utilization by Entity                                                                                                                                                                                                                    ;
+----------------------------------------------+-------------------+--------------+-------------+--------------+---------+-----------+------+--------------+----------------------------------------------------------------------------------------------+--------------+
; Compilation Hierarchy Node                   ; LC Combinationals ; LC Registers ; Memory Bits ; DSP Elements ; DSP 9x9 ; DSP 18x18 ; Pins ; Virtual Pins ; Full Hierarchy Name                                                                          ; Library Name ;
+----------------------------------------------+-------------------+--------------+-------------+--------------+---------+-----------+------+--------------+----------------------------------------------------------------------------------------------+--------------+
; |datapath                                    ; 514 (0)           ; 193 (0)      ; 8192        ; 0            ; 0       ; 0         ; 326  ; 0            ; |datapath                                                                                    ; work         ;
;    |Multiplexer2to1:A_multiplexer|           ; 35 (35)           ; 0 (0)        ; 0           ; 0            ; 0       ; 0         ; 0    ; 0            ; |datapath|Multiplexer2to1:A_multiplexer                                                      ; work         ;
;    |Multiplexer2to1:B_multiplexer|           ; 38 (38)           ; 0 (0)        ; 0           ; 0            ; 0       ; 0         ; 0    ; 0            ; |datapath|Multiplexer2to1:B_multiplexer                                                      ; work         ;
;    |Multiplexer2to1:Data_memory_multiplexer| ; 32 (32)           ; 0 (0)        ; 0           ; 0            ; 0       ; 0         ; 0    ; 0            ; |datapath|Multiplexer2to1:Data_memory_multiplexer                                            ; work         ;
;    |Multiplexer2to1:im_mux1_component|       ; 32 (32)           ; 0 (0)        ; 0           ; 0            ; 0       ; 0         ; 0    ; 0            ; |datapath|Multiplexer2to1:im_mux1_component                                                  ; work         ;
;    |Multiplexer4to1:im_mux2_component|       ; 32 (32)           ; 0 (0)        ; 0           ; 0            ; 0       ; 0         ; 0    ; 0            ; |datapath|Multiplexer4to1:im_mux2_component                                                  ; work         ;
;    |Multiplexer4to1:mux_data|                ; 68 (68)           ; 0 (0)        ; 0           ; 0            ; 0       ; 0         ; 0    ; 0            ; |datapath|Multiplexer4to1:mux_data                                                           ; work         ;
;    |alu:alu_component|                       ; 178 (12)          ; 0 (0)        ; 0           ; 0            ; 0       ; 0         ; 0    ; 0            ; |datapath|alu:alu_component                                                                  ; work         ;
;       |Multiplexer8to1:mux1|                 ; 126 (126)         ; 0 (0)        ; 0           ; 0            ; 0       ; 0         ; 0    ; 0            ; |datapath|alu:alu_component|Multiplexer8to1:mux1                                             ; work         ;
;       |bit32Adder:adder1|                    ; 38 (0)            ; 0 (0)        ; 0           ; 0            ; 0       ; 0         ; 0    ; 0            ; |datapath|alu:alu_component|bit32Adder:adder1                                                ; work         ;
;          |bit4Adder:s1|                      ; 5 (0)             ; 0 (0)        ; 0           ; 0            ; 0       ; 0         ; 0    ; 0            ; |datapath|alu:alu_component|bit32Adder:adder1|bit4Adder:s1                                   ; work         ;
;             |fullAdder:p1|                   ; 2 (2)             ; 0 (0)        ; 0           ; 0            ; 0       ; 0         ; 0    ; 0            ; |datapath|alu:alu_component|bit32Adder:adder1|bit4Adder:s1|fullAdder:p1                      ; work         ;
;             |fullAdder:p2|                   ; 1 (1)             ; 0 (0)        ; 0           ; 0            ; 0       ; 0         ; 0    ; 0            ; |datapath|alu:alu_component|bit32Adder:adder1|bit4Adder:s1|fullAdder:p2                      ; work         ;
;             |fullAdder:p3|                   ; 1 (1)             ; 0 (0)        ; 0           ; 0            ; 0       ; 0         ; 0    ; 0            ; |datapath|alu:alu_component|bit32Adder:adder1|bit4Adder:s1|fullAdder:p3                      ; work         ;
;             |fullAdder:p4|                   ; 1 (1)             ; 0 (0)        ; 0           ; 0            ; 0       ; 0         ; 0    ; 0            ; |datapath|alu:alu_component|bit32Adder:adder1|bit4Adder:s1|fullAdder:p4                      ; work         ;
;          |bit4Adder:s2|                      ; 4 (0)             ; 0 (0)        ; 0           ; 0            ; 0       ; 0         ; 0    ; 0            ; |datapath|alu:alu_component|bit32Adder:adder1|bit4Adder:s2                                   ; work         ;
;             |fullAdder:p1|                   ; 1 (1)             ; 0 (0)        ; 0           ; 0            ; 0       ; 0         ; 0    ; 0            ; |datapath|alu:alu_component|bit32Adder:adder1|bit4Adder:s2|fullAdder:p1                      ; work         ;
;             |fullAdder:p2|                   ; 1 (1)             ; 0 (0)        ; 0           ; 0            ; 0       ; 0         ; 0    ; 0            ; |datapath|alu:alu_component|bit32Adder:adder1|bit4Adder:s2|fullAdder:p2                      ; work         ;
;             |fullAdder:p3|                   ; 1 (1)             ; 0 (0)        ; 0           ; 0            ; 0       ; 0         ; 0    ; 0            ; |datapath|alu:alu_component|bit32Adder:adder1|bit4Adder:s2|fullAdder:p3                      ; work         ;
;             |fullAdder:p4|                   ; 1 (1)             ; 0 (0)        ; 0           ; 0            ; 0       ; 0         ; 0    ; 0            ; |datapath|alu:alu_component|bit32Adder:adder1|bit4Adder:s2|fullAdder:p4                      ; work         ;
;          |bit4Adder:s3|                      ; 4 (0)             ; 0 (0)        ; 0           ; 0            ; 0       ; 0         ; 0    ; 0            ; |datapath|alu:alu_component|bit32Adder:adder1|bit4Adder:s3                                   ; work         ;
;             |fullAdder:p1|                   ; 1 (1)             ; 0 (0)        ; 0           ; 0            ; 0       ; 0         ; 0    ; 0            ; |datapath|alu:alu_component|bit32Adder:adder1|bit4Adder:s3|fullAdder:p1                      ; work         ;
;             |fullAdder:p2|                   ; 1 (1)             ; 0 (0)        ; 0           ; 0            ; 0       ; 0         ; 0    ; 0            ; |datapath|alu:alu_component|bit32Adder:adder1|bit4Adder:s3|fullAdder:p2                      ; work         ;
;             |fullAdder:p3|                   ; 1 (1)             ; 0 (0)        ; 0           ; 0            ; 0       ; 0         ; 0    ; 0            ; |datapath|alu:alu_component|bit32Adder:adder1|bit4Adder:s3|fullAdder:p3                      ; work         ;
;             |fullAdder:p4|                   ; 1 (1)             ; 0 (0)        ; 0           ; 0            ; 0       ; 0         ; 0    ; 0            ; |datapath|alu:alu_component|bit32Adder:adder1|bit4Adder:s3|fullAdder:p4                      ; work         ;
;          |bit4Adder:s4|                      ; 4 (0)             ; 0 (0)        ; 0           ; 0            ; 0       ; 0         ; 0    ; 0            ; |datapath|alu:alu_component|bit32Adder:adder1|bit4Adder:s4                                   ; work         ;
;             |fullAdder:p1|                   ; 1 (1)             ; 0 (0)        ; 0           ; 0            ; 0       ; 0         ; 0    ; 0            ; |datapath|alu:alu_component|bit32Adder:adder1|bit4Adder:s4|fullAdder:p1                      ; work         ;
;             |fullAdder:p2|                   ; 1 (1)             ; 0 (0)        ; 0           ; 0            ; 0       ; 0         ; 0    ; 0            ; |datapath|alu:alu_component|bit32Adder:adder1|bit4Adder:s4|fullAdder:p2                      ; work         ;
;             |fullAdder:p3|                   ; 1 (1)             ; 0 (0)        ; 0           ; 0            ; 0       ; 0         ; 0    ; 0            ; |datapath|alu:alu_component|bit32Adder:adder1|bit4Adder:s4|fullAdder:p3                      ; work         ;
;             |fullAdder:p4|                   ; 1 (1)             ; 0 (0)        ; 0           ; 0            ; 0       ; 0         ; 0    ; 0            ; |datapath|alu:alu_component|bit32Adder:adder1|bit4Adder:s4|fullAdder:p4                      ; work         ;
;          |bit4Adder:s5|                      ; 4 (0)             ; 0 (0)        ; 0           ; 0            ; 0       ; 0         ; 0    ; 0            ; |datapath|alu:alu_component|bit32Adder:adder1|bit4Adder:s5                                   ; work         ;
;             |fullAdder:p1|                   ; 1 (1)             ; 0 (0)        ; 0           ; 0            ; 0       ; 0         ; 0    ; 0            ; |datapath|alu:alu_component|bit32Adder:adder1|bit4Adder:s5|fullAdder:p1                      ; work         ;
;             |fullAdder:p2|                   ; 1 (1)             ; 0 (0)        ; 0           ; 0            ; 0       ; 0         ; 0    ; 0            ; |datapath|alu:alu_component|bit32Adder:adder1|bit4Adder:s5|fullAdder:p2                      ; work         ;
;             |fullAdder:p3|                   ; 1 (1)             ; 0 (0)        ; 0           ; 0            ; 0       ; 0         ; 0    ; 0            ; |datapath|alu:alu_component|bit32Adder:adder1|bit4Adder:s5|fullAdder:p3                      ; work         ;
;             |fullAdder:p4|                   ; 1 (1)             ; 0 (0)        ; 0           ; 0            ; 0       ; 0         ; 0    ; 0            ; |datapath|alu:alu_component|bit32Adder:adder1|bit4Adder:s5|fullAdder:p4                      ; work         ;
;          |bit4Adder:s6|                      ; 4 (0)             ; 0 (0)        ; 0           ; 0            ; 0       ; 0         ; 0    ; 0            ; |datapath|alu:alu_component|bit32Adder:adder1|bit4Adder:s6                                   ; work         ;
;             |fullAdder:p1|                   ; 1 (1)             ; 0 (0)        ; 0           ; 0            ; 0       ; 0         ; 0    ; 0            ; |datapath|alu:alu_component|bit32Adder:adder1|bit4Adder:s6|fullAdder:p1                      ; work         ;
;             |fullAdder:p2|                   ; 1 (1)             ; 0 (0)        ; 0           ; 0            ; 0       ; 0         ; 0    ; 0            ; |datapath|alu:alu_component|bit32Adder:adder1|bit4Adder:s6|fullAdder:p2                      ; work         ;
;             |fullAdder:p3|                   ; 1 (1)             ; 0 (0)        ; 0           ; 0            ; 0       ; 0         ; 0    ; 0            ; |datapath|alu:alu_component|bit32Adder:adder1|bit4Adder:s6|fullAdder:p3                      ; work         ;
;             |fullAdder:p4|                   ; 1 (1)             ; 0 (0)        ; 0           ; 0            ; 0       ; 0         ; 0    ; 0            ; |datapath|alu:alu_component|bit32Adder:adder1|bit4Adder:s6|fullAdder:p4                      ; work         ;
;          |bit4Adder:s7|                      ; 5 (0)             ; 0 (0)        ; 0           ; 0            ; 0       ; 0         ; 0    ; 0            ; |datapath|alu:alu_component|bit32Adder:adder1|bit4Adder:s7                                   ; work         ;
;             |fullAdder:p1|                   ; 1 (1)             ; 0 (0)        ; 0           ; 0            ; 0       ; 0         ; 0    ; 0            ; |datapath|alu:alu_component|bit32Adder:adder1|bit4Adder:s7|fullAdder:p1                      ; work         ;
;             |fullAdder:p2|                   ; 1 (1)             ; 0 (0)        ; 0           ; 0            ; 0       ; 0         ; 0    ; 0            ; |datapath|alu:alu_component|bit32Adder:adder1|bit4Adder:s7|fullAdder:p2                      ; work         ;
;             |fullAdder:p3|                   ; 2 (2)             ; 0 (0)        ; 0           ; 0            ; 0       ; 0         ; 0    ; 0            ; |datapath|alu:alu_component|bit32Adder:adder1|bit4Adder:s7|fullAdder:p3                      ; work         ;
;             |fullAdder:p4|                   ; 1 (1)             ; 0 (0)        ; 0           ; 0            ; 0       ; 0         ; 0    ; 0            ; |datapath|alu:alu_component|bit32Adder:adder1|bit4Adder:s7|fullAdder:p4                      ; work         ;
;          |bit4Adder:s8|                      ; 8 (0)             ; 0 (0)        ; 0           ; 0            ; 0       ; 0         ; 0    ; 0            ; |datapath|alu:alu_component|bit32Adder:adder1|bit4Adder:s8                                   ; work         ;
;             |fullAdder:p1|                   ; 2 (2)             ; 0 (0)        ; 0           ; 0            ; 0       ; 0         ; 0    ; 0            ; |datapath|alu:alu_component|bit32Adder:adder1|bit4Adder:s8|fullAdder:p1                      ; work         ;
;             |fullAdder:p2|                   ; 2 (2)             ; 0 (0)        ; 0           ; 0            ; 0       ; 0         ; 0    ; 0            ; |datapath|alu:alu_component|bit32Adder:adder1|bit4Adder:s8|fullAdder:p2                      ; work         ;
;             |fullAdder:p3|                   ; 2 (2)             ; 0 (0)        ; 0           ; 0            ; 0       ; 0         ; 0    ; 0            ; |datapath|alu:alu_component|bit32Adder:adder1|bit4Adder:s8|fullAdder:p3                      ; work         ;
;             |fullAdder:p4|                   ; 2 (2)             ; 0 (0)        ; 0           ; 0            ; 0       ; 0         ; 0    ; 0            ; |datapath|alu:alu_component|bit32Adder:adder1|bit4Adder:s8|fullAdder:p4                      ; work         ;
;       |bit32And:and1|                        ; 1 (1)             ; 0 (0)        ; 0           ; 0            ; 0       ; 0         ; 0    ; 0            ; |datapath|alu:alu_component|bit32And:and1                                                    ; work         ;
;       |bit32Or:or1|                          ; 1 (1)             ; 0 (0)        ; 0           ; 0            ; 0       ; 0         ; 0    ; 0            ; |datapath|alu:alu_component|bit32Or:or1                                                      ; work         ;
;    |data_mem:Data_Memory_Module|             ; 37 (37)           ; 65 (65)      ; 8192        ; 0            ; 0       ; 0         ; 0    ; 0            ; |datapath|data_mem:Data_Memory_Module                                                        ; work         ;
;       |altsyncram:Memory_rtl_0|              ; 0 (0)             ; 0 (0)        ; 8192        ; 0            ; 0       ; 0         ; 0    ; 0            ; |datapath|data_mem:Data_Memory_Module|altsyncram:Memory_rtl_0                                ; work         ;
;          |altsyncram_hie1:auto_generated|    ; 0 (0)             ; 0 (0)        ; 8192        ; 0            ; 0       ; 0         ; 0    ; 0            ; |datapath|data_mem:Data_Memory_Module|altsyncram:Memory_rtl_0|altsyncram_hie1:auto_generated ; work         ;
;    |pc:pc_component|                         ; 62 (62)           ; 32 (32)      ; 0           ; 0            ; 0       ; 0         ; 0    ; 0            ; |datapath|pc:pc_component                                                                    ; work         ;
;    |register32:A_register|                   ; 0 (0)             ; 32 (32)      ; 0           ; 0            ; 0       ; 0         ; 0    ; 0            ; |datapath|register32:A_register                                                              ; work         ;
;    |register32:B_register|                   ; 0 (0)             ; 32 (32)      ; 0           ; 0            ; 0       ; 0         ; 0    ; 0            ; |datapath|register32:B_register                                                              ; work         ;
;    |register32:ir_register|                  ; 0 (0)             ; 32 (32)      ; 0           ; 0            ; 0       ; 0         ; 0    ; 0            ; |datapath|register32:ir_register                                                             ; work         ;
+----------------------------------------------+-------------------+--------------+-------------+--------------+---------+-----------+------+--------------+----------------------------------------------------------------------------------------------+--------------+
Note: For table entries with two numbers listed, the numbers in parentheses indicate the number of resources of the given type used by the specific entity alone. The numbers listed outside of parentheses indicate the total resources of the given type used by the specific entity and all of its sub-entities in the hierarchy.


+---------------------------------------------------------------------------------------------------------------------------------------------------------------------------------------------------+
; Analysis & Synthesis RAM Summary                                                                                                                                                                  ;
+-----------------------------------------------------------------------------------------------+------+------------------+--------------+--------------+--------------+--------------+------+------+
; Name                                                                                          ; Type ; Mode             ; Port A Depth ; Port A Width ; Port B Depth ; Port B Width ; Size ; MIF  ;
+-----------------------------------------------------------------------------------------------+------+------------------+--------------+--------------+--------------+--------------+------+------+
; data_mem:Data_Memory_Module|altsyncram:Memory_rtl_0|altsyncram_hie1:auto_generated|ALTSYNCRAM ; AUTO ; Simple Dual Port ; 256          ; 32           ; 256          ; 32           ; 8192 ; None ;
+-----------------------------------------------------------------------------------------------+------+------------------+--------------+--------------+--------------+--------------+------+------+


+------------------------------------------------------+
; General Register Statistics                          ;
+----------------------------------------------+-------+
; Statistic                                    ; Value ;
+----------------------------------------------+-------+
; Total registers                              ; 193   ;
; Number of registers using Synchronous Clear  ; 0     ;
; Number of registers using Synchronous Load   ; 14    ;
; Number of registers using Asynchronous Clear ; 129   ;
; Number of registers using Asynchronous Load  ; 0     ;
; Number of registers using Clock Enable       ; 129   ;
; Number of registers using Preset             ; 0     ;
+----------------------------------------------+-------+


+---------------------------------------------------------------------------------------------------------------------------------------------------------------------+
; Multiplexer Restructuring Statistics (Restructuring Performed)                                                                                                      ;
+--------------------+-----------+---------------+----------------------+------------------------+------------+-------------------------------------------------------+
; Multiplexer Inputs ; Bus Width ; Baseline Area ; Area if Restructured ; Saving if Restructured ; Registered ; Example Multiplexer Output                            ;
+--------------------+-----------+---------------+----------------------+------------------------+------------+-------------------------------------------------------+
; 3:1                ; 16 bits   ; 32 LEs        ; 32 LEs               ; 0 LEs                  ; Yes        ; |datapath|pc:pc_component|q[17]~reg0                  ;
; 3:1                ; 2 bits    ; 4 LEs         ; 2 LEs                ; 2 LEs                  ; Yes        ; |datapath|pc:pc_component|q[1]~reg0                   ;
; 3:1                ; 14 bits   ; 28 LEs        ; 28 LEs               ; 0 LEs                  ; Yes        ; |datapath|pc:pc_component|q[4]~reg0                   ;
; 4:1                ; 32 bits   ; 64 LEs        ; 64 LEs               ; 0 LEs                  ; Yes        ; |datapath|data_mem:Data_Memory_Module|data_out[16]    ;
; 4:1                ; 16 bits   ; 32 LEs        ; 32 LEs               ; 0 LEs                  ; No         ; |datapath|Multiplexer4to1:im_mux2_component|Mux16     ;
; 4:1                ; 32 bits   ; 64 LEs        ; 64 LEs               ; 0 LEs                  ; No         ; |datapath|Multiplexer4to1:mux_data|Mux7               ;
; 6:1                ; 30 bits   ; 120 LEs       ; 90 LEs               ; 30 LEs                 ; No         ; |datapath|alu:alu_component|Multiplexer8to1:mux1|Mux1 ;
+--------------------+-----------+---------------+----------------------+------------------------+------------+-------------------------------------------------------+


+-----------------------------------------------------------------------------------------------------------+
; Source assignments for data_mem:Data_Memory_Module|altsyncram:Memory_rtl_0|altsyncram_hie1:auto_generated ;
+---------------------------------+--------------------+------+---------------------------------------------+
; Assignment                      ; Value              ; From ; To                                          ;
+---------------------------------+--------------------+------+---------------------------------------------+
; OPTIMIZE_POWER_DURING_SYNTHESIS ; NORMAL_COMPILATION ; -    ; -                                           ;
+---------------------------------+--------------------+------+---------------------------------------------+


+------------------------------------------------------------------------------------------------------+
; Parameter Settings for Inferred Entity Instance: data_mem:Data_Memory_Module|altsyncram:Memory_rtl_0 ;
+------------------------------------+----------------------+------------------------------------------+
; Parameter Name                     ; Value                ; Type                                     ;
+------------------------------------+----------------------+------------------------------------------+
; BYTE_SIZE_BLOCK                    ; 8                    ; Untyped                                  ;
; AUTO_CARRY_CHAINS                  ; ON                   ; AUTO_CARRY                               ;
; IGNORE_CARRY_BUFFERS               ; OFF                  ; IGNORE_CARRY                             ;
; AUTO_CASCADE_CHAINS                ; ON                   ; AUTO_CASCADE                             ;
; IGNORE_CASCADE_BUFFERS             ; OFF                  ; IGNORE_CASCADE                           ;
; WIDTH_BYTEENA                      ; 1                    ; Untyped                                  ;
; OPERATION_MODE                     ; DUAL_PORT            ; Untyped                                  ;
; WIDTH_A                            ; 32                   ; Untyped                                  ;
; WIDTHAD_A                          ; 8                    ; Untyped                                  ;
; NUMWORDS_A                         ; 256                  ; Untyped                                  ;
; OUTDATA_REG_A                      ; UNREGISTERED         ; Untyped                                  ;
; ADDRESS_ACLR_A                     ; NONE                 ; Untyped                                  ;
; OUTDATA_ACLR_A                     ; NONE                 ; Untyped                                  ;
; WRCONTROL_ACLR_A                   ; NONE                 ; Untyped                                  ;
; INDATA_ACLR_A                      ; NONE                 ; Untyped                                  ;
; BYTEENA_ACLR_A                     ; NONE                 ; Untyped                                  ;
; WIDTH_B                            ; 32                   ; Untyped                                  ;
; WIDTHAD_B                          ; 8                    ; Untyped                                  ;
; NUMWORDS_B                         ; 256                  ; Untyped                                  ;
; INDATA_REG_B                       ; CLOCK1               ; Untyped                                  ;
; WRCONTROL_WRADDRESS_REG_B          ; CLOCK1               ; Untyped                                  ;
; RDCONTROL_REG_B                    ; CLOCK1               ; Untyped                                  ;
; ADDRESS_REG_B                      ; CLOCK1               ; Untyped                                  ;
; OUTDATA_REG_B                      ; UNREGISTERED         ; Untyped                                  ;
; BYTEENA_REG_B                      ; CLOCK1               ; Untyped                                  ;
; INDATA_ACLR_B                      ; NONE                 ; Untyped                                  ;
; WRCONTROL_ACLR_B                   ; NONE                 ; Untyped                                  ;
; ADDRESS_ACLR_B                     ; NONE                 ; Untyped                                  ;
; OUTDATA_ACLR_B                     ; NONE                 ; Untyped                                  ;
; RDCONTROL_ACLR_B                   ; NONE                 ; Untyped                                  ;
; BYTEENA_ACLR_B                     ; NONE                 ; Untyped                                  ;
; WIDTH_BYTEENA_A                    ; 1                    ; Untyped                                  ;
; WIDTH_BYTEENA_B                    ; 1                    ; Untyped                                  ;
; RAM_BLOCK_TYPE                     ; AUTO                 ; Untyped                                  ;
; BYTE_SIZE                          ; 8                    ; Untyped                                  ;
; READ_DURING_WRITE_MODE_MIXED_PORTS ; DONT_CARE            ; Untyped                                  ;
; READ_DURING_WRITE_MODE_PORT_A      ; NEW_DATA_NO_NBE_READ ; Untyped                                  ;
; READ_DURING_WRITE_MODE_PORT_B      ; NEW_DATA_NO_NBE_READ ; Untyped                                  ;
; INIT_FILE                          ; UNUSED               ; Untyped                                  ;
; INIT_FILE_LAYOUT                   ; PORT_A               ; Untyped                                  ;
; MAXIMUM_DEPTH                      ; 0                    ; Untyped                                  ;
; CLOCK_ENABLE_INPUT_A               ; NORMAL               ; Untyped                                  ;
; CLOCK_ENABLE_INPUT_B               ; NORMAL               ; Untyped                                  ;
; CLOCK_ENABLE_OUTPUT_A              ; NORMAL               ; Untyped                                  ;
; CLOCK_ENABLE_OUTPUT_B              ; NORMAL               ; Untyped                                  ;
; CLOCK_ENABLE_CORE_A                ; USE_INPUT_CLKEN      ; Untyped                                  ;
; CLOCK_ENABLE_CORE_B                ; USE_INPUT_CLKEN      ; Untyped                                  ;
; ENABLE_ECC                         ; FALSE                ; Untyped                                  ;
; ECC_PIPELINE_STAGE_ENABLED         ; FALSE                ; Untyped                                  ;
; WIDTH_ECCSTATUS                    ; 3                    ; Untyped                                  ;
; DEVICE_FAMILY                      ; Cyclone IV E         ; Untyped                                  ;
; CBXI_PARAMETER                     ; altsyncram_hie1      ; Untyped                                  ;
+------------------------------------+----------------------+------------------------------------------+
Note: In order to hide this table in the UI and the text report file, please set the "Show Parameter Settings in Synthesis Report" option in "Analysis and Synthesis Settings -> More Settings" to "Off".


+-------------------------------------------------------------------------------------------------+
; altsyncram Parameter Settings by Entity Instance                                                ;
+-------------------------------------------+-----------------------------------------------------+
; Name                                      ; Value                                               ;
+-------------------------------------------+-----------------------------------------------------+
; Number of entity instances                ; 1                                                   ;
; Entity Instance                           ; data_mem:Data_Memory_Module|altsyncram:Memory_rtl_0 ;
;     -- OPERATION_MODE                     ; DUAL_PORT                                           ;
;     -- WIDTH_A                            ; 32                                                  ;
;     -- NUMWORDS_A                         ; 256                                                 ;
;     -- OUTDATA_REG_A                      ; UNREGISTERED                                        ;
;     -- WIDTH_B                            ; 32                                                  ;
;     -- NUMWORDS_B                         ; 256                                                 ;
;     -- ADDRESS_REG_B                      ; CLOCK1                                              ;
;     -- OUTDATA_REG_B                      ; UNREGISTERED                                        ;
;     -- RAM_BLOCK_TYPE                     ; AUTO                                                ;
;     -- READ_DURING_WRITE_MODE_MIXED_PORTS ; DONT_CARE                                           ;
+-------------------------------------------+-----------------------------------------------------+


+---------------------------------------------------------------+
; Port Connectivity Checks: "Multiplexer4to1:im_mux2_component" ;
+-----------+-------+----------+--------------------------------+
; Port      ; Type  ; Severity ; Details                        ;
+-----------+-------+----------+--------------------------------+
; w2[31..1] ; Input ; Info     ; Stuck at GND                   ;
; w2[0]     ; Input ; Info     ; Stuck at VCC                   ;
; w3        ; Input ; Info     ; Stuck at GND                   ;
+-----------+-------+----------+--------------------------------+


+------------------------------------------------------+
; Port Connectivity Checks: "Multiplexer4to1:mux_data" ;
+------+-------+----------+----------------------------+
; Port ; Type  ; Severity ; Details                    ;
+------+-------+----------+----------------------------+
; w3   ; Input ; Info     ; Stuck at GND               ;
+------+-------+----------+----------------------------+


+-------------------------------+
; Elapsed Time Per Partition    ;
+----------------+--------------+
; Partition Name ; Elapsed Time ;
+----------------+--------------+
; Top            ; 00:00:02     ;
+----------------+--------------+


+-------------------------------+
; Analysis & Synthesis Messages ;
+-------------------------------+
Info: *******************************************************************
Info: Running Quartus II 32-bit Analysis & Synthesis
    Info: Version 13.1.0 Build 162 10/23/2013 SJ Full Version
    Info: Processing started: Thu Mar 22 17:05:09 2018
Info: Command: quartus_map --read_settings_files=on --write_settings_files=off lab4b -c lab4b
Info (11104): Parallel Compilation has detected 8 hyper-threaded processors. However, the extra hyper-threaded processors will not be used by default. Parallel Compilation will use 4 of the 4 physical processors detected instead.
Info (12021): Found 2 design units, including 1 entities, in source file /home/student1/mbhagat/coe608/lab3/Multiplexer8to1.vhd
    Info (12022): Found design unit 1: Multiplexer8to1-Behavior
    Info (12023): Found entity 1: Multiplexer8to1
Info (12021): Found 2 design units, including 1 entities, in source file /home/student1/mbhagat/coe608/lab3/fullAdder.vhd
    Info (12022): Found design unit 1: fullAdder-description
    Info (12023): Found entity 1: fullAdder
Info (12021): Found 2 design units, including 1 entities, in source file /home/student1/mbhagat/coe608/lab3/bit32ROR.vhd
    Info (12022): Found design unit 1: bit32ROR-behaviour
    Info (12023): Found entity 1: bit32ROR
Info (12021): Found 2 design units, including 1 entities, in source file /home/student1/mbhagat/coe608/lab3/bit32ROL.vhd
    Info (12022): Found design unit 1: bit32ROL-behaviour
    Info (12023): Found entity 1: bit32ROL
Info (12021): Found 2 design units, including 1 entities, in source file /home/student1/mbhagat/coe608/lab3/bit32Or.vhd
    Info (12022): Found design unit 1: bit32Or-behaviour
    Info (12023): Found entity 1: bit32Or
Info (12021): Found 2 design units, including 1 entities, in source file /home/student1/mbhagat/coe608/lab3/bit32Inverse.vhd
    Info (12022): Found design unit 1: bit32Inverse-behaviour
    Info (12023): Found entity 1: bit32Inverse
Info (12021): Found 2 design units, including 1 entities, in source file /home/student1/mbhagat/coe608/lab3/bit32And.vhd
    Info (12022): Found design unit 1: bit32And-behaviour
    Info (12023): Found entity 1: bit32And
Info (12021): Found 2 design units, including 1 entities, in source file /home/student1/mbhagat/coe608/lab3/bit32adder.vhd
    Info (12022): Found design unit 1: bit32Adder-description
    Info (12023): Found entity 1: bit32Adder
Info (12021): Found 2 design units, including 1 entities, in source file /home/student1/mbhagat/coe608/lab3/bit4Adder.vhd
    Info (12022): Found design unit 1: bit4Adder-description
    Info (12023): Found entity 1: bit4Adder
Info (12021): Found 2 design units, including 1 entities, in source file /home/student1/mbhagat/coe608/lab3/Multiplexer2to1.vhd
    Info (12022): Found design unit 1: Multiplexer2to1-Behavior
    Info (12023): Found entity 1: Multiplexer2to1
Info (12021): Found 2 design units, including 1 entities, in source file /home/student1/mbhagat/coe608/lab4a/data_mem.vhd
    Info (12022): Found design unit 1: data_mem-description
    Info (12023): Found entity 1: data_mem
Info (12021): Found 2 design units, including 1 entities, in source file /home/student1/mbhagat/coe608/lab2/register32.vhd
    Info (12022): Found design unit 1: register32-description
    Info (12023): Found entity 1: register32
Info (12021): Found 2 design units, including 1 entities, in source file /home/student1/mbhagat/coe608/lab2/pc.vhd
    Info (12022): Found design unit 1: pc-description
    Info (12023): Found entity 1: pc
Info (12021): Found 2 design units, including 1 entities, in source file /home/student1/mbhagat/coe608/lab3/alu.vhd
    Info (12022): Found design unit 1: alu-description
    Info (12023): Found entity 1: alu
Info (12021): Found 2 design units, including 1 entities, in source file lze.vhd
    Info (12022): Found design unit 1: lze-description
    Info (12023): Found entity 1: lze
Info (12021): Found 2 design units, including 1 entities, in source file uze.vhd
    Info (12022): Found design unit 1: uze-description
    Info (12023): Found entity 1: uze
Info (12021): Found 2 design units, including 1 entities, in source file reducer.vhd
    Info (12022): Found design unit 1: reducer-description
    Info (12023): Found entity 1: reducer
Info (12021): Found 2 design units, including 1 entities, in source file datapath.vhd
    Info (12022): Found design unit 1: datapath-description
    Info (12023): Found entity 1: datapath
Info (12021): Found 2 design units, including 1 entities, in source file Multiplexer4to1.vhd
    Info (12022): Found design unit 1: Multiplexer4to1-description
    Info (12023): Found entity 1: Multiplexer4to1
Info (12127): Elaborating entity "datapath" for the top level hierarchy
Info (12128): Elaborating entity "Multiplexer4to1" for hierarchy "Multiplexer4to1:mux_data"
Info (12128): Elaborating entity "register32" for hierarchy "register32:ir_register"
Info (12128): Elaborating entity "lze" for hierarchy "lze:lze_1"
Info (12128): Elaborating entity "pc" for hierarchy "pc:pc_component"
Info (12128): Elaborating entity "reducer" for hierarchy "reducer:red"
Info (12128): Elaborating entity "Multiplexer2to1" for hierarchy "Multiplexer2to1:A_multiplexer"
Info (12128): Elaborating entity "data_mem" for hierarchy "data_mem:Data_Memory_Module"
Info (12128): Elaborating entity "uze" for hierarchy "uze:uze_1"
Info (12128): Elaborating entity "alu" for hierarchy "alu:alu_component"
Info (12128): Elaborating entity "Multiplexer8to1" for hierarchy "alu:alu_component|Multiplexer8to1:mux1"
Info (12128): Elaborating entity "bit32Adder" for hierarchy "alu:alu_component|bit32Adder:adder1"
Info (12128): Elaborating entity "bit4Adder" for hierarchy "alu:alu_component|bit32Adder:adder1|bit4Adder:s1"
Info (12128): Elaborating entity "fullAdder" for hierarchy "alu:alu_component|bit32Adder:adder1|bit4Adder:s1|fullAdder:p1"
Info (12128): Elaborating entity "bit32And" for hierarchy "alu:alu_component|bit32And:and1"
Info (12128): Elaborating entity "bit32Or" for hierarchy "alu:alu_component|bit32Or:or1"
Info (12128): Elaborating entity "bit32ROR" for hierarchy "alu:alu_component|bit32ROR:lsr1"
Info (12128): Elaborating entity "bit32ROL" for hierarchy "alu:alu_component|bit32ROL:lsl1"
Info (12128): Elaborating entity "bit32Inverse" for hierarchy "alu:alu_component|bit32Inverse:notber"
Warning (13046): Tri-state node(s) do not directly drive top-level pin(s)
    Warning (13049): Converted tri-state buffer "alu:alu_component|Multiplexer8to1:mux1|f[0]" feeding internal logic into a wire
    Warning (13049): Converted tri-state buffer "alu:alu_component|Multiplexer8to1:mux1|f[1]" feeding internal logic into a wire
    Warning (13049): Converted tri-state buffer "alu:alu_component|Multiplexer8to1:mux1|f[2]" feeding internal logic into a wire
    Warning (13049): Converted tri-state buffer "alu:alu_component|Multiplexer8to1:mux1|f[3]" feeding internal logic into a wire
    Warning (13049): Converted tri-state buffer "alu:alu_component|Multiplexer8to1:mux1|f[4]" feeding internal logic into a wire
    Warning (13049): Converted tri-state buffer "alu:alu_component|Multiplexer8to1:mux1|f[5]" feeding internal logic into a wire
    Warning (13049): Converted tri-state buffer "alu:alu_component|Multiplexer8to1:mux1|f[6]" feeding internal logic into a wire
    Warning (13049): Converted tri-state buffer "alu:alu_component|Multiplexer8to1:mux1|f[7]" feeding internal logic into a wire
    Warning (13049): Converted tri-state buffer "alu:alu_component|Multiplexer8to1:mux1|f[8]" feeding internal logic into a wire
    Warning (13049): Converted tri-state buffer "alu:alu_component|Multiplexer8to1:mux1|f[9]" feeding internal logic into a wire
    Warning (13049): Converted tri-state buffer "alu:alu_component|Multiplexer8to1:mux1|f[10]" feeding internal logic into a wire
    Warning (13049): Converted tri-state buffer "alu:alu_component|Multiplexer8to1:mux1|f[11]" feeding internal logic into a wire
    Warning (13049): Converted tri-state buffer "alu:alu_component|Multiplexer8to1:mux1|f[12]" feeding internal logic into a wire
    Warning (13049): Converted tri-state buffer "alu:alu_component|Multiplexer8to1:mux1|f[13]" feeding internal logic into a wire
    Warning (13049): Converted tri-state buffer "alu:alu_component|Multiplexer8to1:mux1|f[14]" feeding internal logic into a wire
    Warning (13049): Converted tri-state buffer "alu:alu_component|Multiplexer8to1:mux1|f[15]" feeding internal logic into a wire
    Warning (13049): Converted tri-state buffer "alu:alu_component|Multiplexer8to1:mux1|f[16]" feeding internal logic into a wire
    Warning (13049): Converted tri-state buffer "alu:alu_component|Multiplexer8to1:mux1|f[17]" feeding internal logic into a wire
    Warning (13049): Converted tri-state buffer "alu:alu_component|Multiplexer8to1:mux1|f[18]" feeding internal logic into a wire
    Warning (13049): Converted tri-state buffer "alu:alu_component|Multiplexer8to1:mux1|f[19]" feeding internal logic into a wire
    Warning (13049): Converted tri-state buffer "alu:alu_component|Multiplexer8to1:mux1|f[20]" feeding internal logic into a wire
    Warning (13049): Converted tri-state buffer "alu:alu_component|Multiplexer8to1:mux1|f[21]" feeding internal logic into a wire
    Warning (13049): Converted tri-state buffer "alu:alu_component|Multiplexer8to1:mux1|f[22]" feeding internal logic into a wire
    Warning (13049): Converted tri-state buffer "alu:alu_component|Multiplexer8to1:mux1|f[23]" feeding internal logic into a wire
    Warning (13049): Converted tri-state buffer "alu:alu_component|Multiplexer8to1:mux1|f[24]" feeding internal logic into a wire
    Warning (13049): Converted tri-state buffer "alu:alu_component|Multiplexer8to1:mux1|f[25]" feeding internal logic into a wire
    Warning (13049): Converted tri-state buffer "alu:alu_component|Multiplexer8to1:mux1|f[26]" feeding internal logic into a wire
    Warning (13049): Converted tri-state buffer "alu:alu_component|Multiplexer8to1:mux1|f[27]" feeding internal logic into a wire
    Warning (13049): Converted tri-state buffer "alu:alu_component|Multiplexer8to1:mux1|f[28]" feeding internal logic into a wire
    Warning (13049): Converted tri-state buffer "alu:alu_component|Multiplexer8to1:mux1|f[29]" feeding internal logic into a wire
    Warning (13049): Converted tri-state buffer "alu:alu_component|Multiplexer8to1:mux1|f[30]" feeding internal logic into a wire
    Warning (13049): Converted tri-state buffer "alu:alu_component|Multiplexer8to1:mux1|f[31]" feeding internal logic into a wire
Warning (276027): Inferred dual-clock RAM node "data_mem:Data_Memory_Module|Memory_rtl_0" from synchronous design logic.  The read-during-write behavior of a dual-clock RAM is undefined and may not match the behavior of the original design.
Info (19000): Inferred 1 megafunctions from design logic
    Info (276029): Inferred altsyncram megafunction from the following design logic: "data_mem:Data_Memory_Module|Memory_rtl_0" 
        Info (286033): Parameter OPERATION_MODE set to DUAL_PORT
        Info (286033): Parameter WIDTH_A set to 32
        Info (286033): Parameter WIDTHAD_A set to 8
        Info (286033): Parameter NUMWORDS_A set to 256
        Info (286033): Parameter WIDTH_B set to 32
        Info (286033): Parameter WIDTHAD_B set to 8
        Info (286033): Parameter NUMWORDS_B set to 256
        Info (286033): Parameter ADDRESS_ACLR_A set to NONE
        Info (286033): Parameter OUTDATA_REG_B set to UNREGISTERED
        Info (286033): Parameter ADDRESS_ACLR_B set to NONE
        Info (286033): Parameter OUTDATA_ACLR_B set to NONE
        Info (286033): Parameter ADDRESS_REG_B set to CLOCK1
        Info (286033): Parameter INDATA_ACLR_A set to NONE
        Info (286033): Parameter WRCONTROL_ACLR_A set to NONE
Info (12130): Elaborated megafunction instantiation "data_mem:Data_Memory_Module|altsyncram:Memory_rtl_0"
Info (12133): Instantiated megafunction "data_mem:Data_Memory_Module|altsyncram:Memory_rtl_0" with the following parameter:
    Info (12134): Parameter "OPERATION_MODE" = "DUAL_PORT"
    Info (12134): Parameter "WIDTH_A" = "32"
    Info (12134): Parameter "WIDTHAD_A" = "8"
    Info (12134): Parameter "NUMWORDS_A" = "256"
    Info (12134): Parameter "WIDTH_B" = "32"
    Info (12134): Parameter "WIDTHAD_B" = "8"
    Info (12134): Parameter "NUMWORDS_B" = "256"
    Info (12134): Parameter "ADDRESS_ACLR_A" = "NONE"
    Info (12134): Parameter "OUTDATA_REG_B" = "UNREGISTERED"
    Info (12134): Parameter "ADDRESS_ACLR_B" = "NONE"
    Info (12134): Parameter "OUTDATA_ACLR_B" = "NONE"
    Info (12134): Parameter "ADDRESS_REG_B" = "CLOCK1"
    Info (12134): Parameter "INDATA_ACLR_A" = "NONE"
    Info (12134): Parameter "WRCONTROL_ACLR_A" = "NONE"
Info (12021): Found 1 design units, including 1 entities, in source file db/altsyncram_hie1.tdf
    Info (12023): Found entity 1: altsyncram_hie1
Info (286030): Timing-Driven Synthesis is running
Info (16010): Generating hard_block partition "hard_block:auto_generated_inst"
    Info (16011): Adding 0 node(s), including 0 DDIO, 0 PLL, 0 transceiver and 0 LCELL
Warning (21074): Design contains 4 input pin(s) that do not drive logic
    Warning (15610): No output dependent on input pin "Clr_C"
    Warning (15610): No output dependent on input pin "Ld_C"
    Warning (15610): No output dependent on input pin "Clr_Z"
    Warning (15610): No output dependent on input pin "Ld_Z"
Info (21057): Implemented 937 device resources after synthesis - the final resource count might be different
    Info (21058): Implemented 60 input pins
    Info (21059): Implemented 266 output pins
    Info (21061): Implemented 579 logic cells
    Info (21064): Implemented 32 RAM segments
Info: Quartus II 32-bit Analysis & Synthesis was successful. 0 errors, 39 warnings
    Info: Peak virtual memory: 451 megabytes
    Info: Processing ended: Thu Mar 22 17:05:17 2018
    Info: Elapsed time: 00:00:08
    Info: Total CPU time (on all processors): 00:00:04


